{"D:\\Users\\Usama\\Documents\\GitHub\\Hospital-Finance-Dashboard\\src\\App.tsx": {"path":"D:\\Users\\Usama\\Documents\\GitHub\\Hospital-Finance-Dashboard\\src\\App.tsx","statementMap":{"0":{"start":{"line":1,"column":0},"end":{"line":1,"column":33}},"1":{"start":{"line":2,"column":0},"end":{"line":2,"column":47}},"2":{"start":{"line":3,"column":0},"end":{"line":3,"column":55}},"3":{"start":{"line":4,"column":0},"end":{"line":4,"column":54}},"4":{"start":{"line":5,"column":0},"end":{"line":5,"column":56}},"5":{"start":{"line":6,"column":0},"end":{"line":6,"column":56}},"6":{"start":{"line":7,"column":0},"end":{"line":7,"column":57}},"7":{"start":{"line":10,"column":2},"end":{"line":24,"column":4}},"8":{"start":{"line":27,"column":0},"end":{"line":27,"column":19}}},"fnMap":{"0":{"name":"App","decl":{"start":{"line":9,"column":9},"end":{"line":9,"column":12}},"loc":{"start":{"line":9,"column":12},"end":{"line":25,"column":1}}}},"branchMap":{},"s":{"0":0,"1":0,"2":0,"3":0,"4":0,"5":0,"6":0,"7":0,"8":0},"f":{"0":0},"b":{}}
,"D:\\Users\\Usama\\Documents\\GitHub\\Hospital-Finance-Dashboard\\src\\components\\Button.tsx": {"path":"D:\\Users\\Usama\\Documents\\GitHub\\Hospital-Finance-Dashboard\\src\\components\\Button.tsx","statementMap":{"0":{"start":{"line":1,"column":0},"end":{"line":1,"column":26}},"1":{"start":{"line":90,"column":38},"end":{"line":142,"column":1}},"2":{"start":{"line":101,"column":22},"end":{"line":101,"column":261}},"3":{"start":{"line":104,"column":25},"end":{"line":109,"column":4}},"4":{"start":{"line":112,"column":22},"end":{"line":116,"column":4}},"5":{"start":{"line":119,"column":21},"end":{"line":119,"column":46}},"6":{"start":{"line":122,"column":26},"end":{"line":122,"column":117}},"7":{"start":{"line":124,"column":2},"end":{"line":141,"column":4}},"8":{"start":{"line":144,"column":0},"end":{"line":144,"column":22}}},"fnMap":{"0":{"name":"(anonymous_1)","decl":{"start":{"line":90,"column":38},"end":{"line":90,"column":39}},"loc":{"start":{"line":99,"column":5},"end":{"line":142,"column":1}}}},"branchMap":{"0":{"loc":{"start":{"line":91,"column":2},"end":{"line":91,"column":21}},"type":"default-arg","locations":[{"start":{"line":91,"column":12},"end":{"line":91,"column":21}}]},"1":{"loc":{"start":{"line":92,"column":2},"end":{"line":92,"column":13}},"type":"default-arg","locations":[{"start":{"line":92,"column":9},"end":{"line":92,"column":13}}]},"2":{"loc":{"start":{"line":93,"column":2},"end":{"line":93,"column":19}},"type":"default-arg","locations":[{"start":{"line":93,"column":14},"end":{"line":93,"column":19}}]},"3":{"loc":{"start":{"line":94,"column":2},"end":{"line":94,"column":19}},"type":"default-arg","locations":[{"start":{"line":94,"column":14},"end":{"line":94,"column":19}}]},"4":{"loc":{"start":{"line":95,"column":2},"end":{"line":95,"column":16}},"type":"default-arg","locations":[{"start":{"line":95,"column":14},"end":{"line":95,"column":16}}]},"5":{"loc":{"start":{"line":119,"column":21},"end":{"line":119,"column":46}},"type":"cond-expr","locations":[{"start":{"line":119,"column":33},"end":{"line":119,"column":41}},{"start":{"line":119,"column":44},"end":{"line":119,"column":46}}]},"6":{"loc":{"start":{"line":127,"column":16},"end":{"line":127,"column":37}},"type":"binary-expr","locations":[{"start":{"line":127,"column":16},"end":{"line":127,"column":24}},{"start":{"line":127,"column":28},"end":{"line":127,"column":37}}]},"7":{"loc":{"start":{"line":130,"column":7},"end":{"line":138,"column":null}},"type":"cond-expr","locations":[{"start":{"line":132,"column":8},"end":{"line":133,"column":null}},{"start":{"line":138,"column":8},"end":{"line":138,"column":16}}]}},"s":{"0":0,"1":0,"2":0,"3":0,"4":0,"5":0,"6":0,"7":0,"8":0},"f":{"0":0},"b":{"0":[0],"1":[0],"2":[0],"3":[0],"4":[0],"5":[0,0],"6":[0,0],"7":[0,0]}}
,"D:\\Users\\Usama\\Documents\\GitHub\\Hospital-Finance-Dashboard\\src\\components\\CashFlowChart.tsx": {"path":"D:\\Users\\Usama\\Documents\\GitHub\\Hospital-Finance-Dashboard\\src\\components\\CashFlowChart.tsx","statementMap":{"0":{"start":{"line":1,"column":0},"end":{"line":1,"column":26}},"1":{"start":{"line":2,"column":0},"end":{"line":2,"column":108}},"2":{"start":{"line":4,"column":0},"end":{"line":4,"column":53}},"3":{"start":{"line":5,"column":0},"end":{"line":5,"column":55}},"4":{"start":{"line":18,"column":52},"end":{"line":109,"column":1}},"5":{"start":{"line":19,"column":25},"end":{"line":19,"column":40}},"6":{"start":{"line":32,"column":24},"end":{"line":54,"column":3}},"7":{"start":{"line":33,"column":4},"end":{"line":52,"column":5}},"8":{"start":{"line":34,"column":6},"end":{"line":51,"column":8}},"9":{"start":{"line":46,"column":12},"end":{"line":46,"column":27}},"10":{"start":{"line":53,"column":4},"end":{"line":53,"column":16}},"11":{"start":{"line":56,"column":2},"end":{"line":108,"column":4}},"12":{"start":{"line":74,"column":40},"end":{"line":74,"column":75}},"13":{"start":{"line":111,"column":0},"end":{"line":111,"column":29}}},"fnMap":{"0":{"name":"(anonymous_1)","decl":{"start":{"line":18,"column":52},"end":{"line":18,"column":53}},"loc":{"start":{"line":18,"column":65},"end":{"line":109,"column":1}}},"1":{"name":"(anonymous_2)","decl":{"start":{"line":32,"column":24},"end":{"line":32,"column":25}},"loc":{"start":{"line":32,"column":75},"end":{"line":54,"column":3}}},"2":{"name":"(anonymous_3)","decl":{"start":{"line":45,"column":23},"end":{"line":45,"column":24}},"loc":{"start":{"line":46,"column":12},"end":{"line":46,"column":27}}},"3":{"name":"(anonymous_4)","decl":{"start":{"line":74,"column":29},"end":{"line":74,"column":30}},"loc":{"start":{"line":74,"column":40},"end":{"line":74,"column":75}}}},"branchMap":{"0":{"loc":{"start":{"line":33,"column":4},"end":{"line":52,"column":5}},"type":"if","locations":[{"start":{"line":33,"column":4},"end":{"line":52,"column":5}}]},"1":{"loc":{"start":{"line":33,"column":8},"end":{"line":33,"column":43}},"type":"binary-expr","locations":[{"start":{"line":33,"column":8},"end":{"line":33,"column":14}},{"start":{"line":33,"column":18},"end":{"line":33,"column":25}},{"start":{"line":33,"column":29},"end":{"line":33,"column":43}}]}},"s":{"0":0,"1":0,"2":0,"3":0,"4":0,"5":0,"6":0,"7":0,"8":0,"9":0,"10":0,"11":0,"12":0,"13":0},"f":{"0":0,"1":0,"2":0,"3":0},"b":{"0":[0],"1":[0,0,0]}}
,"D:\\Users\\Usama\\Documents\\GitHub\\Hospital-Finance-Dashboard\\src\\components\\ChartNoData.tsx": {"path":"D:\\Users\\Usama\\Documents\\GitHub\\Hospital-Finance-Dashboard\\src\\components\\ChartNoData.tsx","statementMap":{"0":{"start":{"line":1,"column":0},"end":{"line":1,"column":26}},"1":{"start":{"line":9,"column":48},"end":{"line":23,"column":1}},"2":{"start":{"line":10,"column":2},"end":{"line":22,"column":4}},"3":{"start":{"line":25,"column":0},"end":{"line":25,"column":27}}},"fnMap":{"0":{"name":"(anonymous_1)","decl":{"start":{"line":9,"column":48},"end":{"line":9,"column":49}},"loc":{"start":{"line":9,"column":77},"end":{"line":23,"column":1}}}},"branchMap":{"0":{"loc":{"start":{"line":13,"column":9},"end":{"line":16,"column":null}},"type":"binary-expr","locations":[{"start":{"line":13,"column":9},"end":{"line":13,"column":13}},{"start":{"line":14,"column":10},"end":{"line":15,"column":null}}]}},"s":{"0":0,"1":0,"2":0,"3":0},"f":{"0":0},"b":{"0":[0,0]}}
,"D:\\Users\\Usama\\Documents\\GitHub\\Hospital-Finance-Dashboard\\src\\components\\Dashboard.tsx": {"path":"D:\\Users\\Usama\\Documents\\GitHub\\Hospital-Finance-Dashboard\\src\\components\\Dashboard.tsx","statementMap":{"0":{"start":{"line":1,"column":0},"end":{"line":1,"column":89}},"1":{"start":{"line":2,"column":0},"end":{"line":2,"column":30}},"2":{"start":{"line":3,"column":0},"end":{"line":3,"column":38}},"3":{"start":{"line":4,"column":0},"end":{"line":4,"column":41}},"4":{"start":{"line":5,"column":0},"end":{"line":5,"column":null}},"5":{"start":{"line":11,"column":0},"end":{"line":11,"column":43}},"6":{"start":{"line":12,"column":0},"end":{"line":12,"column":34}},"7":{"start":{"line":13,"column":0},"end":{"line":13,"column":30}},"8":{"start":{"line":14,"column":0},"end":{"line":14,"column":50}},"9":{"start":{"line":15,"column":0},"end":{"line":15,"column":48}},"10":{"start":{"line":16,"column":0},"end":{"line":16,"column":46}},"11":{"start":{"line":18,"column":21},"end":{"line":18,"column":57}},"12":{"start":{"line":18,"column":31},"end":{"line":18,"column":56}},"13":{"start":{"line":19,"column":24},"end":{"line":19,"column":63}},"14":{"start":{"line":19,"column":34},"end":{"line":19,"column":62}},"15":{"start":{"line":20,"column":22},"end":{"line":20,"column":59}},"16":{"start":{"line":20,"column":32},"end":{"line":20,"column":58}},"17":{"start":{"line":21,"column":27},"end":{"line":21,"column":69}},"18":{"start":{"line":21,"column":37},"end":{"line":21,"column":68}},"19":{"start":{"line":22,"column":24},"end":{"line":22,"column":63}},"20":{"start":{"line":22,"column":34},"end":{"line":22,"column":62}},"21":{"start":{"line":29,"column":28},"end":{"line":248,"column":1}},"22":{"start":{"line":30,"column":71},"end":{"line":30,"column":80}},"23":{"start":{"line":31,"column":30},"end":{"line":31,"column":54}},"24":{"start":{"line":32,"column":28},"end":{"line":34,"column":27}},"25":{"start":{"line":33,"column":4},"end":{"line":33,"column":69}},"26":{"start":{"line":33,"column":33},"end":{"line":33,"column":67}},"27":{"start":{"line":36,"column":54},"end":{"line":37,"column":null}},"28":{"start":{"line":39,"column":42},"end":{"line":39,"column":64}},"29":{"start":{"line":40,"column":40},"end":{"line":40,"column":75}},"30":{"start":{"line":41,"column":36},"end":{"line":41,"column":59}},"31":{"start":{"line":42,"column":40},"end":{"line":42,"column":55}},"32":{"start":{"line":45,"column":2},"end":{"line":74,"column":41}},"33":{"start":{"line":48,"column":4},"end":{"line":67,"column":5}},"34":{"start":{"line":49,"column":6},"end":{"line":49,"column":25}},"35":{"start":{"line":50,"column":6},"end":{"line":53,"column":9}},"36":{"start":{"line":56,"column":6},"end":{"line":66,"column":14}},"37":{"start":{"line":57,"column":21},"end":{"line":57,"column":70}},"38":{"start":{"line":58,"column":8},"end":{"line":63,"column":9}},"39":{"start":{"line":59,"column":10},"end":{"line":62,"column":13}},"40":{"start":{"line":64,"column":8},"end":{"line":64,"column":37}},"41":{"start":{"line":65,"column":8},"end":{"line":65,"column":28}},"42":{"start":{"line":69,"column":4},"end":{"line":73,"column":6}},"43":{"start":{"line":70,"column":6},"end":{"line":72,"column":7}},"44":{"start":{"line":71,"column":8},"end":{"line":71,"column":30}},"45":{"start":{"line":76,"column":31},"end":{"line":90,"column":25}},"46":{"start":{"line":78,"column":4},"end":{"line":89,"column":5}},"47":{"start":{"line":79,"column":6},"end":{"line":82,"column":9}},"48":{"start":{"line":83,"column":6},"end":{"line":83,"column":40}},"49":{"start":{"line":85,"column":6},"end":{"line":88,"column":9}},"50":{"start":{"line":92,"column":27},"end":{"line":98,"column":20}},"51":{"start":{"line":93,"column":4},"end":{"line":96,"column":7}},"52":{"start":{"line":97,"column":4},"end":{"line":97,"column":26}},"53":{"start":{"line":100,"column":26},"end":{"line":106,"column":25}},"54":{"start":{"line":101,"column":4},"end":{"line":105,"column":8}},"55":{"start":{"line":101,"column":46},"end":{"line":105,"column":6}},"56":{"start":{"line":108,"column":22},"end":{"line":113,"column":8}},"57":{"start":{"line":109,"column":4},"end":{"line":112,"column":8}},"58":{"start":{"line":109,"column":39},"end":{"line":112,"column":6}},"59":{"start":{"line":115,"column":2},"end":{"line":128,"column":3}},"60":{"start":{"line":116,"column":4},"end":{"line":127,"column":6}},"61":{"start":{"line":130,"column":2},"end":{"line":143,"column":3}},"62":{"start":{"line":131,"column":4},"end":{"line":142,"column":6}},"63":{"start":{"line":145,"column":2},"end":{"line":247,"column":4}},"64":{"start":{"line":160,"column":27},"end":{"line":160,"column":55}},"65":{"start":{"line":194,"column":41},"end":{"line":194,"column":74}},"66":{"start":{"line":209,"column":14},"end":{"line":209,"column":42}},"67":{"start":{"line":250,"column":0},"end":{"line":250,"column":25}}},"fnMap":{"0":{"name":"(anonymous_7)","decl":{"start":{"line":18,"column":26},"end":{"line":18,"column":29}},"loc":{"start":{"line":18,"column":31},"end":{"line":18,"column":56}}},"1":{"name":"(anonymous_8)","decl":{"start":{"line":18,"column":31},"end":{"line":18,"column":39}},"loc":{"start":{"line":18,"column":31},"end":{"line":18,"column":56}}},"2":{"name":"(anonymous_9)","decl":{"start":{"line":19,"column":29},"end":{"line":19,"column":32}},"loc":{"start":{"line":19,"column":34},"end":{"line":19,"column":62}}},"3":{"name":"(anonymous_10)","decl":{"start":{"line":19,"column":34},"end":{"line":19,"column":42}},"loc":{"start":{"line":19,"column":34},"end":{"line":19,"column":62}}},"4":{"name":"(anonymous_11)","decl":{"start":{"line":20,"column":27},"end":{"line":20,"column":30}},"loc":{"start":{"line":20,"column":32},"end":{"line":20,"column":58}}},"5":{"name":"(anonymous_12)","decl":{"start":{"line":20,"column":32},"end":{"line":20,"column":40}},"loc":{"start":{"line":20,"column":32},"end":{"line":20,"column":58}}},"6":{"name":"(anonymous_13)","decl":{"start":{"line":21,"column":32},"end":{"line":21,"column":35}},"loc":{"start":{"line":21,"column":37},"end":{"line":21,"column":68}}},"7":{"name":"(anonymous_14)","decl":{"start":{"line":21,"column":37},"end":{"line":21,"column":45}},"loc":{"start":{"line":21,"column":37},"end":{"line":21,"column":68}}},"8":{"name":"(anonymous_15)","decl":{"start":{"line":22,"column":29},"end":{"line":22,"column":32}},"loc":{"start":{"line":22,"column":34},"end":{"line":22,"column":62}}},"9":{"name":"(anonymous_16)","decl":{"start":{"line":22,"column":34},"end":{"line":22,"column":42}},"loc":{"start":{"line":22,"column":34},"end":{"line":22,"column":62}}},"10":{"name":"(anonymous_17)","decl":{"start":{"line":29,"column":28},"end":{"line":29,"column":31}},"loc":{"start":{"line":29,"column":33},"end":{"line":248,"column":1}}},"11":{"name":"(anonymous_18)","decl":{"start":{"line":32,"column":36},"end":{"line":32,"column":39}},"loc":{"start":{"line":32,"column":41},"end":{"line":34,"column":3}}},"12":{"name":"(anonymous_19)","decl":{"start":{"line":33,"column":28},"end":{"line":33,"column":29}},"loc":{"start":{"line":33,"column":33},"end":{"line":33,"column":67}}},"13":{"name":"(anonymous_20)","decl":{"start":{"line":45,"column":12},"end":{"line":45,"column":15}},"loc":{"start":{"line":45,"column":17},"end":{"line":74,"column":3}}},"14":{"name":"(anonymous_21)","decl":{"start":{"line":56,"column":27},"end":{"line":56,"column":30}},"loc":{"start":{"line":56,"column":32},"end":{"line":66,"column":7}}},"15":{"name":"(anonymous_22)","decl":{"start":{"line":69,"column":11},"end":{"line":69,"column":14}},"loc":{"start":{"line":69,"column":16},"end":{"line":73,"column":5}}},"16":{"name":"(anonymous_23)","decl":{"start":{"line":76,"column":43},"end":{"line":76,"column":44}},"loc":{"start":{"line":76,"column":66},"end":{"line":90,"column":3}}},"17":{"name":"(anonymous_24)","decl":{"start":{"line":92,"column":39},"end":{"line":92,"column":40}},"loc":{"start":{"line":92,"column":56},"end":{"line":98,"column":3}}},"18":{"name":"(anonymous_25)","decl":{"start":{"line":100,"column":34},"end":{"line":100,"column":37}},"loc":{"start":{"line":100,"column":39},"end":{"line":106,"column":3}}},"19":{"name":"(anonymous_26)","decl":{"start":{"line":101,"column":33},"end":{"line":101,"column":41}},"loc":{"start":{"line":101,"column":46},"end":{"line":105,"column":6}}},"20":{"name":"(anonymous_27)","decl":{"start":{"line":108,"column":30},"end":{"line":108,"column":33}},"loc":{"start":{"line":108,"column":35},"end":{"line":113,"column":3}}},"21":{"name":"(anonymous_28)","decl":{"start":{"line":109,"column":30},"end":{"line":109,"column":34}},"loc":{"start":{"line":109,"column":39},"end":{"line":112,"column":6}}},"22":{"name":"(anonymous_29)","decl":{"start":{"line":160,"column":21},"end":{"line":160,"column":24}},"loc":{"start":{"line":160,"column":27},"end":{"line":160,"column":55}}},"23":{"name":"(anonymous_30)","decl":{"start":{"line":194,"column":30},"end":{"line":194,"column":31}},"loc":{"start":{"line":194,"column":41},"end":{"line":194,"column":74}}},"24":{"name":"(anonymous_31)","decl":{"start":{"line":208,"column":46},"end":{"line":208,"column":47}},"loc":{"start":{"line":209,"column":14},"end":{"line":209,"column":42}}}},"branchMap":{"0":{"loc":{"start":{"line":37,"column":4},"end":{"line":37,"column":32}},"type":"binary-expr","locations":[{"start":{"line":37,"column":4},"end":{"line":37,"column":26}},{"start":{"line":37,"column":30},"end":{"line":37,"column":32}}]},"1":{"loc":{"start":{"line":48,"column":4},"end":{"line":67,"column":5}},"type":"if","locations":[{"start":{"line":48,"column":4},"end":{"line":67,"column":5}}]},"2":{"loc":{"start":{"line":48,"column":8},"end":{"line":48,"column":42}},"type":"binary-expr","locations":[{"start":{"line":48,"column":8},"end":{"line":48,"column":26}},{"start":{"line":48,"column":30},"end":{"line":48,"column":42}}]},"3":{"loc":{"start":{"line":58,"column":8},"end":{"line":63,"column":9}},"type":"if","locations":[{"start":{"line":58,"column":8},"end":{"line":63,"column":9}}]},"4":{"loc":{"start":{"line":64,"column":23},"end":{"line":64,"column":35}},"type":"binary-expr","locations":[{"start":{"line":64,"column":23},"end":{"line":64,"column":27}},{"start":{"line":64,"column":31},"end":{"line":64,"column":35}}]},"5":{"loc":{"start":{"line":70,"column":6},"end":{"line":72,"column":7}},"type":"if","locations":[{"start":{"line":70,"column":6},"end":{"line":72,"column":7}}]},"6":{"loc":{"start":{"line":78,"column":4},"end":{"line":89,"column":5}},"type":"if","locations":[{"start":{"line":78,"column":4},"end":{"line":89,"column":5}},{"start":{"line":84,"column":11},"end":{"line":89,"column":5}}]},"7":{"loc":{"start":{"line":115,"column":2},"end":{"line":128,"column":3}},"type":"if","locations":[{"start":{"line":115,"column":2},"end":{"line":128,"column":3}}]},"8":{"loc":{"start":{"line":130,"column":2},"end":{"line":143,"column":3}},"type":"if","locations":[{"start":{"line":130,"column":2},"end":{"line":143,"column":3}}]},"9":{"loc":{"start":{"line":168,"column":13},"end":{"line":168,"column":42}},"type":"cond-expr","locations":[{"start":{"line":168,"column":27},"end":{"line":168,"column":33}},{"start":{"line":168,"column":36},"end":{"line":168,"column":42}}]},"10":{"loc":{"start":{"line":171,"column":11},"end":{"line":200,"column":null}},"type":"binary-expr","locations":[{"start":{"line":171,"column":11},"end":{"line":171,"column":22}},{"start":{"line":172,"column":12},"end":{"line":199,"column":null}}]}},"s":{"0":0,"1":0,"2":0,"3":0,"4":0,"5":0,"6":0,"7":0,"8":0,"9":0,"10":0,"11":0,"12":0,"13":0,"14":0,"15":0,"16":0,"17":0,"18":0,"19":0,"20":0,"21":0,"22":0,"23":0,"24":0,"25":0,"26":0,"27":0,"28":0,"29":0,"30":0,"31":0,"32":0,"33":0,"34":0,"35":0,"36":0,"37":0,"38":0,"39":0,"40":0,"41":0,"42":0,"43":0,"44":0,"45":0,"46":0,"47":0,"48":0,"49":0,"50":0,"51":0,"52":0,"53":0,"54":0,"55":0,"56":0,"57":0,"58":0,"59":0,"60":0,"61":0,"62":0,"63":0,"64":0,"65":0,"66":0,"67":0},"f":{"0":0,"1":0,"2":0,"3":0,"4":0,"5":0,"6":0,"7":0,"8":0,"9":0,"10":0,"11":0,"12":0,"13":0,"14":0,"15":0,"16":0,"17":0,"18":0,"19":0,"20":0,"21":0,"22":0,"23":0,"24":0},"b":{"0":[0,0],"1":[0],"2":[0,0],"3":[0],"4":[0,0],"5":[0],"6":[0,0],"7":[0],"8":[0],"9":[0,0],"10":[0,0]}}
,"D:\\Users\\Usama\\Documents\\GitHub\\Hospital-Finance-Dashboard\\src\\components\\DashboardLoading.tsx": {"path":"D:\\Users\\Usama\\Documents\\GitHub\\Hospital-Finance-Dashboard\\src\\components\\DashboardLoading.tsx","statementMap":{"0":{"start":{"line":1,"column":0},"end":{"line":1,"column":26}},"1":{"start":{"line":2,"column":0},"end":{"line":2,"column":30}},"2":{"start":{"line":3,"column":0},"end":{"line":3,"column":46}},"3":{"start":{"line":18,"column":58},"end":{"line":49,"column":1}},"4":{"start":{"line":26,"column":27},"end":{"line":26,"column":75}},"5":{"start":{"line":26,"column":47},"end":{"line":26,"column":74}},"6":{"start":{"line":28,"column":2},"end":{"line":48,"column":4}},"7":{"start":{"line":51,"column":0},"end":{"line":51,"column":32}}},"fnMap":{"0":{"name":"(anonymous_1)","decl":{"start":{"line":18,"column":58},"end":{"line":18,"column":59}},"loc":{"start":{"line":25,"column":5},"end":{"line":49,"column":1}}},"1":{"name":"(anonymous_2)","decl":{"start":{"line":26,"column":42},"end":{"line":26,"column":43}},"loc":{"start":{"line":26,"column":47},"end":{"line":26,"column":74}}}},"branchMap":{"0":{"loc":{"start":{"line":43,"column":19},"end":{"line":43,"column":87}},"type":"cond-expr","locations":[{"start":{"line":43,"column":38},"end":{"line":43,"column":82}},{"start":{"line":43,"column":85},"end":{"line":43,"column":87}}]}},"s":{"0":0,"1":0,"2":0,"3":0,"4":0,"5":0,"6":0,"7":0},"f":{"0":0,"1":0},"b":{"0":[0,0]}}
,"D:\\Users\\Usama\\Documents\\GitHub\\Hospital-Finance-Dashboard\\src\\components\\DashboardNoData.tsx": {"path":"D:\\Users\\Usama\\Documents\\GitHub\\Hospital-Finance-Dashboard\\src\\components\\DashboardNoData.tsx","statementMap":{"0":{"start":{"line":1,"column":0},"end":{"line":1,"column":26}},"1":{"start":{"line":2,"column":0},"end":{"line":2,"column":30}},"2":{"start":{"line":23,"column":56},"end":{"line":60,"column":1}},"3":{"start":{"line":31,"column":2},"end":{"line":59,"column":4}},"4":{"start":{"line":62,"column":0},"end":{"line":62,"column":31}}},"fnMap":{"0":{"name":"(anonymous_1)","decl":{"start":{"line":23,"column":56},"end":{"line":23,"column":57}},"loc":{"start":{"line":30,"column":5},"end":{"line":60,"column":1}}}},"branchMap":{},"s":{"0":0,"1":0,"2":0,"3":0,"4":0},"f":{"0":0},"b":{}}
,"D:\\Users\\Usama\\Documents\\GitHub\\Hospital-Finance-Dashboard\\src\\components\\DepartmentTable.tsx": {"path":"D:\\Users\\Usama\\Documents\\GitHub\\Hospital-Finance-Dashboard\\src\\components\\DepartmentTable.tsx","statementMap":{"0":{"start":{"line":1,"column":0},"end":{"line":1,"column":26}},"1":{"start":{"line":3,"column":0},"end":{"line":3,"column":71}},"2":{"start":{"line":16,"column":56},"end":{"line":104,"column":1}},"3":{"start":{"line":17,"column":2},"end":{"line":103,"column":4}},"4":{"start":{"line":40,"column":14},"end":{"line":40,"column":40}},"5":{"start":{"line":69,"column":10},"end":{"line":69,"column":37}},"6":{"start":{"line":106,"column":0},"end":{"line":106,"column":31}}},"fnMap":{"0":{"name":"(anonymous_1)","decl":{"start":{"line":16,"column":56},"end":{"line":16,"column":57}},"loc":{"start":{"line":16,"column":76},"end":{"line":104,"column":1}}},"1":{"name":"(anonymous_2)","decl":{"start":{"line":39,"column":29},"end":{"line":39,"column":30}},"loc":{"start":{"line":40,"column":14},"end":{"line":40,"column":40}}},"2":{"name":"(anonymous_3)","decl":{"start":{"line":68,"column":25},"end":{"line":68,"column":26}},"loc":{"start":{"line":69,"column":10},"end":{"line":69,"column":37}}}},"branchMap":{"0":{"loc":{"start":{"line":40,"column":54},"end":{"line":40,"column":144}},"type":"cond-expr","locations":[{"start":{"line":40,"column":89},"end":{"line":40,"column":139}},{"start":{"line":40,"column":142},"end":{"line":40,"column":144}}]},"1":{"loc":{"start":{"line":51,"column":50},"end":{"line":51,"column":106}},"type":"cond-expr","locations":[{"start":{"line":51,"column":68},"end":{"line":51,"column":86}},{"start":{"line":51,"column":89},"end":{"line":51,"column":106}}]},"2":{"loc":{"start":{"line":56,"column":50},"end":{"line":56,"column":159}},"type":"cond-expr","locations":[{"start":{"line":56,"column":75},"end":{"line":56,"column":93}},{"start":{"line":56,"column":96},"end":{"line":56,"column":159}}]},"3":{"loc":{"start":{"line":56,"column":96},"end":{"line":56,"column":159}},"type":"cond-expr","locations":[{"start":{"line":56,"column":121},"end":{"line":56,"column":139}},{"start":{"line":56,"column":142},"end":{"line":56,"column":159}}]},"4":{"loc":{"start":{"line":88,"column":47},"end":{"line":88,"column":103}},"type":"cond-expr","locations":[{"start":{"line":88,"column":65},"end":{"line":88,"column":83}},{"start":{"line":88,"column":86},"end":{"line":88,"column":103}}]},"5":{"loc":{"start":{"line":94,"column":47},"end":{"line":94,"column":156}},"type":"cond-expr","locations":[{"start":{"line":94,"column":72},"end":{"line":94,"column":90}},{"start":{"line":94,"column":93},"end":{"line":94,"column":156}}]},"6":{"loc":{"start":{"line":94,"column":93},"end":{"line":94,"column":156}},"type":"cond-expr","locations":[{"start":{"line":94,"column":118},"end":{"line":94,"column":136}},{"start":{"line":94,"column":139},"end":{"line":94,"column":156}}]}},"s":{"0":0,"1":0,"2":0,"3":0,"4":0,"5":0,"6":0},"f":{"0":0,"1":0,"2":0},"b":{"0":[0,0],"1":[0,0],"2":[0,0],"3":[0,0],"4":[0,0],"5":[0,0],"6":[0,0]}}
,"D:\\Users\\Usama\\Documents\\GitHub\\Hospital-Finance-Dashboard\\src\\components\\Dropdown.tsx": {"path":"D:\\Users\\Usama\\Documents\\GitHub\\Hospital-Finance-Dashboard\\src\\components\\Dropdown.tsx","statementMap":{"0":{"start":{"line":1,"column":0},"end":{"line":1,"column":59}},"1":{"start":{"line":17,"column":42},"end":{"line":117,"column":1}},"2":{"start":{"line":24,"column":30},"end":{"line":24,"column":45}},"3":{"start":{"line":25,"column":22},"end":{"line":25,"column":50}},"4":{"start":{"line":27,"column":25},"end":{"line":27,"column":71}},"5":{"start":{"line":27,"column":48},"end":{"line":27,"column":70}},"6":{"start":{"line":29,"column":2},"end":{"line":40,"column":9}},"7":{"start":{"line":30,"column":31},"end":{"line":34,"column":5}},"8":{"start":{"line":31,"column":6},"end":{"line":33,"column":7}},"9":{"start":{"line":32,"column":8},"end":{"line":32,"column":25}},"10":{"start":{"line":36,"column":4},"end":{"line":36,"column":63}},"11":{"start":{"line":37,"column":4},"end":{"line":39,"column":6}},"12":{"start":{"line":38,"column":6},"end":{"line":38,"column":68}},"13":{"start":{"line":42,"column":28},"end":{"line":45,"column":3}},"14":{"start":{"line":43,"column":4},"end":{"line":43,"column":26}},"15":{"start":{"line":44,"column":4},"end":{"line":44,"column":21}},"16":{"start":{"line":47,"column":23},"end":{"line":49,"column":3}},"17":{"start":{"line":48,"column":4},"end":{"line":48,"column":23}},"18":{"start":{"line":51,"column":2},"end":{"line":116,"column":4}},"19":{"start":{"line":98,"column":12},"end":{"line":99,"column":null}},"20":{"start":{"line":104,"column":29},"end":{"line":104,"column":60}},"21":{"start":{"line":119,"column":0},"end":{"line":119,"column":24}}},"fnMap":{"0":{"name":"(anonymous_6)","decl":{"start":{"line":17,"column":42},"end":{"line":17,"column":43}},"loc":{"start":{"line":23,"column":5},"end":{"line":117,"column":1}}},"1":{"name":"(anonymous_7)","decl":{"start":{"line":27,"column":38},"end":{"line":27,"column":44}},"loc":{"start":{"line":27,"column":48},"end":{"line":27,"column":70}}},"2":{"name":"(anonymous_8)","decl":{"start":{"line":29,"column":12},"end":{"line":29,"column":15}},"loc":{"start":{"line":29,"column":17},"end":{"line":40,"column":3}}},"3":{"name":"(anonymous_9)","decl":{"start":{"line":30,"column":31},"end":{"line":30,"column":32}},"loc":{"start":{"line":30,"column":53},"end":{"line":34,"column":5}}},"4":{"name":"(anonymous_10)","decl":{"start":{"line":37,"column":11},"end":{"line":37,"column":14}},"loc":{"start":{"line":37,"column":16},"end":{"line":39,"column":5}}},"5":{"name":"(anonymous_11)","decl":{"start":{"line":42,"column":28},"end":{"line":42,"column":29}},"loc":{"start":{"line":42,"column":52},"end":{"line":45,"column":3}}},"6":{"name":"(anonymous_12)","decl":{"start":{"line":47,"column":23},"end":{"line":47,"column":26}},"loc":{"start":{"line":47,"column":28},"end":{"line":49,"column":3}}},"7":{"name":"(anonymous_13)","decl":{"start":{"line":97,"column":21},"end":{"line":97,"column":22}},"loc":{"start":{"line":98,"column":12},"end":{"line":99,"column":null}}},"8":{"name":"(anonymous_14)","decl":{"start":{"line":104,"column":23},"end":{"line":104,"column":26}},"loc":{"start":{"line":104,"column":29},"end":{"line":104,"column":60}}}},"branchMap":{"0":{"loc":{"start":{"line":22,"column":2},"end":{"line":22,"column":16}},"type":"default-arg","locations":[{"start":{"line":22,"column":14},"end":{"line":22,"column":16}}]},"1":{"loc":{"start":{"line":31,"column":6},"end":{"line":33,"column":7}},"type":"if","locations":[{"start":{"line":31,"column":6},"end":{"line":33,"column":7}}]},"2":{"loc":{"start":{"line":31,"column":10},"end":{"line":31,"column":84}},"type":"binary-expr","locations":[{"start":{"line":31,"column":10},"end":{"line":31,"column":29}},{"start":{"line":31,"column":33},"end":{"line":31,"column":84}}]},"3":{"loc":{"start":{"line":65,"column":13},"end":{"line":73,"column":null}},"type":"cond-expr","locations":[{"start":{"line":66,"column":14},"end":{"line":70,"column":null}},{"start":{"line":73,"column":14},"end":{"line":73,"column":94}}]},"4":{"loc":{"start":{"line":68,"column":17},"end":{"line":69,"column":null}},"type":"binary-expr","locations":[{"start":{"line":68,"column":17},"end":{"line":68,"column":40}},{"start":{"line":69,"column":18},"end":{"line":69,"column":116}}]},"5":{"loc":{"start":{"line":79,"column":16},"end":{"line":79,"column":null}},"type":"cond-expr","locations":[{"start":{"line":79,"column":25},"end":{"line":79,"column":47}},{"start":{"line":79,"column":50},"end":{"line":79,"column":null}}]},"6":{"loc":{"start":{"line":93,"column":10},"end":{"line":93,"column":null}},"type":"cond-expr","locations":[{"start":{"line":93,"column":19},"end":{"line":93,"column":46}},{"start":{"line":93,"column":49},"end":{"line":93,"column":null}}]},"7":{"loc":{"start":{"line":102,"column":16},"end":{"line":102,"column":null}},"type":"cond-expr","locations":[{"start":{"line":102,"column":41},"end":{"line":102,"column":109}},{"start":{"line":102,"column":112},"end":{"line":102,"column":null}}]},"8":{"loc":{"start":{"line":108,"column":17},"end":{"line":109,"column":null}},"type":"binary-expr","locations":[{"start":{"line":108,"column":17},"end":{"line":108,"column":32}},{"start":{"line":109,"column":18},"end":{"line":109,"column":113}}]}},"s":{"0":0,"1":0,"2":0,"3":0,"4":0,"5":0,"6":0,"7":0,"8":0,"9":0,"10":0,"11":0,"12":0,"13":0,"14":0,"15":0,"16":0,"17":0,"18":0,"19":0,"20":0,"21":0},"f":{"0":0,"1":0,"2":0,"3":0,"4":0,"5":0,"6":0,"7":0,"8":0},"b":{"0":[0],"1":[0],"2":[0,0],"3":[0,0],"4":[0,0],"5":[0,0],"6":[0,0],"7":[0,0],"8":[0,0]}}
,"D:\\Users\\Usama\\Documents\\GitHub\\Hospital-Finance-Dashboard\\src\\components\\ErrorBoundary.tsx": {"path":"D:\\Users\\Usama\\Documents\\GitHub\\Hospital-Finance-Dashboard\\src\\components\\ErrorBoundary.tsx","statementMap":{"0":{"start":{"line":1,"column":0},"end":{"line":1,"column":56}},"1":{"start":{"line":2,"column":0},"end":{"line":2,"column":41}},"2":{"start":{"line":3,"column":0},"end":{"line":3,"column":50}},"3":{"start":{"line":4,"column":0},"end":{"line":4,"column":30}},"4":{"start":{"line":22,"column":18},"end":{"line":24,"column":null}},"5":{"start":{"line":28,"column":4},"end":{"line":28,"column":37}},"6":{"start":{"line":32,"column":27},"end":{"line":32,"column":47}},"7":{"start":{"line":33,"column":4},"end":{"line":39,"column":7}},"8":{"start":{"line":40,"column":4},"end":{"line":43,"column":7}},"9":{"start":{"line":47,"column":4},"end":{"line":104,"column":5}},"10":{"start":{"line":48,"column":6},"end":{"line":50,"column":7}},"11":{"start":{"line":49,"column":8},"end":{"line":49,"column":35}},"12":{"start":{"line":52,"column":6},"end":{"line":103,"column":8}},"13":{"start":{"line":72,"column":33},"end":{"line":72,"column":57}},"14":{"start":{"line":79,"column":33},"end":{"line":79,"column":67}},"15":{"start":{"line":106,"column":4},"end":{"line":106,"column":31}},"16":{"start":{"line":110,"column":0},"end":{"line":110,"column":29}}},"fnMap":{"0":{"name":"(anonymous_1)","decl":{"start":{"line":21,"column":0},"end":{"line":21,"column":6}},"loc":{"start":{"line":21,"column":0},"end":{"line":108,"column":1}}},"1":{"name":"(anonymous_2)","decl":{"start":{"line":26,"column":9},"end":{"line":26,"column":15}},"loc":{"start":{"line":26,"column":53},"end":{"line":29,"column":3}}},"2":{"name":"(anonymous_3)","decl":{"start":{"line":31,"column":18},"end":{"line":31,"column":35}},"loc":{"start":{"line":31,"column":70},"end":{"line":44,"column":3}}},"3":{"name":"(anonymous_4)","decl":{"start":{"line":46,"column":18},"end":{"line":46,"column":24}},"loc":{"start":{"line":46,"column":24},"end":{"line":107,"column":3}}},"4":{"name":"(anonymous_5)","decl":{"start":{"line":72,"column":27},"end":{"line":72,"column":30}},"loc":{"start":{"line":72,"column":33},"end":{"line":72,"column":57}}},"5":{"name":"(anonymous_6)","decl":{"start":{"line":79,"column":27},"end":{"line":79,"column":30}},"loc":{"start":{"line":79,"column":33},"end":{"line":79,"column":67}}}},"branchMap":{"0":{"loc":{"start":{"line":47,"column":4},"end":{"line":104,"column":5}},"type":"if","locations":[{"start":{"line":47,"column":4},"end":{"line":104,"column":5}}]},"1":{"loc":{"start":{"line":48,"column":6},"end":{"line":50,"column":7}},"type":"if","locations":[{"start":{"line":48,"column":6},"end":{"line":50,"column":7}}]},"2":{"loc":{"start":{"line":87,"column":15},"end":{"line":98,"column":null}},"type":"binary-expr","locations":[{"start":{"line":87,"column":15},"end":{"line":87,"column":34}},{"start":{"line":87,"column":38},"end":{"line":87,"column":54}},{"start":{"line":88,"column":16},"end":{"line":97,"column":null}}]}},"s":{"0":0,"1":0,"2":0,"3":0,"4":0,"5":0,"6":0,"7":0,"8":0,"9":0,"10":0,"11":0,"12":0,"13":0,"14":0,"15":0,"16":0},"f":{"0":0,"1":0,"2":0,"3":0,"4":0,"5":0},"b":{"0":[0],"1":[0],"2":[0,0,0]}}
,"D:\\Users\\Usama\\Documents\\GitHub\\Hospital-Finance-Dashboard\\src\\components\\ExpensePieChart.tsx": {"path":"D:\\Users\\Usama\\Documents\\GitHub\\Hospital-Finance-Dashboard\\src\\components\\ExpensePieChart.tsx","statementMap":{"0":{"start":{"line":1,"column":0},"end":{"line":1,"column":26}},"1":{"start":{"line":2,"column":0},"end":{"line":2,"column":85}},"2":{"start":{"line":4,"column":0},"end":{"line":4,"column":71}},"3":{"start":{"line":5,"column":0},"end":{"line":5,"column":55}},"4":{"start":{"line":6,"column":0},"end":{"line":6,"column":40}},"5":{"start":{"line":19,"column":56},"end":{"line":159,"column":1}},"6":{"start":{"line":20,"column":25},"end":{"line":20,"column":40}},"7":{"start":{"line":22,"column":2},"end":{"line":40,"column":3}},"8":{"start":{"line":23,"column":4},"end":{"line":39,"column":6}},"9":{"start":{"line":42,"column":2},"end":{"line":59,"column":3}},"10":{"start":{"line":42,"column":33},"end":{"line":42,"column":50}},"11":{"start":{"line":43,"column":4},"end":{"line":58,"column":6}},"12":{"start":{"line":79,"column":24},"end":{"line":105,"column":3}},"13":{"start":{"line":80,"column":4},"end":{"line":103,"column":5}},"14":{"start":{"line":81,"column":19},"end":{"line":81,"column":37}},"15":{"start":{"line":82,"column":6},"end":{"line":102,"column":8}},"16":{"start":{"line":104,"column":4},"end":{"line":104,"column":16}},"17":{"start":{"line":107,"column":23},"end":{"line":125,"column":3}},"18":{"start":{"line":108,"column":4},"end":{"line":108,"column":30}},"19":{"start":{"line":108,"column":18},"end":{"line":108,"column":30}},"20":{"start":{"line":110,"column":4},"end":{"line":124,"column":6}},"21":{"start":{"line":114,"column":12},"end":{"line":114,"column":29}},"22":{"start":{"line":127,"column":2},"end":{"line":158,"column":4}},"23":{"start":{"line":132,"column":60},"end":{"line":132,"column":77}},"24":{"start":{"line":149,"column":16},"end":{"line":149,"column":44}},"25":{"start":{"line":161,"column":0},"end":{"line":161,"column":31}}},"fnMap":{"0":{"name":"(anonymous_1)","decl":{"start":{"line":19,"column":56},"end":{"line":19,"column":57}},"loc":{"start":{"line":19,"column":69},"end":{"line":159,"column":1}}},"1":{"name":"(anonymous_2)","decl":{"start":{"line":42,"column":18},"end":{"line":42,"column":19}},"loc":{"start":{"line":42,"column":33},"end":{"line":42,"column":50}}},"2":{"name":"(anonymous_3)","decl":{"start":{"line":79,"column":24},"end":{"line":79,"column":25}},"loc":{"start":{"line":79,"column":68},"end":{"line":105,"column":3}}},"3":{"name":"(anonymous_4)","decl":{"start":{"line":107,"column":23},"end":{"line":107,"column":24}},"loc":{"start":{"line":107,"column":58},"end":{"line":125,"column":3}}},"4":{"name":"(anonymous_5)","decl":{"start":{"line":113,"column":20},"end":{"line":113,"column":21}},"loc":{"start":{"line":114,"column":12},"end":{"line":114,"column":29}}},"5":{"name":"(anonymous_6)","decl":{"start":{"line":132,"column":45},"end":{"line":132,"column":46}},"loc":{"start":{"line":132,"column":60},"end":{"line":132,"column":77}}},"6":{"name":"(anonymous_7)","decl":{"start":{"line":148,"column":24},"end":{"line":148,"column":25}},"loc":{"start":{"line":149,"column":16},"end":{"line":149,"column":44}}}},"branchMap":{"0":{"loc":{"start":{"line":22,"column":2},"end":{"line":40,"column":3}},"type":"if","locations":[{"start":{"line":22,"column":2},"end":{"line":40,"column":3}}]},"1":{"loc":{"start":{"line":22,"column":6},"end":{"line":22,"column":32}},"type":"binary-expr","locations":[{"start":{"line":22,"column":6},"end":{"line":22,"column":11}},{"start":{"line":22,"column":15},"end":{"line":22,"column":32}}]},"2":{"loc":{"start":{"line":42,"column":2},"end":{"line":59,"column":3}},"type":"if","locations":[{"start":{"line":42,"column":2},"end":{"line":59,"column":3}}]},"3":{"loc":{"start":{"line":80,"column":4},"end":{"line":103,"column":5}},"type":"if","locations":[{"start":{"line":80,"column":4},"end":{"line":103,"column":5}}]},"4":{"loc":{"start":{"line":80,"column":8},"end":{"line":80,"column":39}},"type":"binary-expr","locations":[{"start":{"line":80,"column":8},"end":{"line":80,"column":14}},{"start":{"line":80,"column":18},"end":{"line":80,"column":39}}]},"5":{"loc":{"start":{"line":108,"column":4},"end":{"line":108,"column":30}},"type":"if","locations":[{"start":{"line":108,"column":4},"end":{"line":108,"column":30}}]}},"s":{"0":0,"1":0,"2":0,"3":0,"4":0,"5":0,"6":0,"7":0,"8":0,"9":0,"10":0,"11":0,"12":0,"13":0,"14":0,"15":0,"16":0,"17":0,"18":0,"19":0,"20":0,"21":0,"22":0,"23":0,"24":0,"25":0},"f":{"0":0,"1":0,"2":0,"3":0,"4":0,"5":0,"6":0},"b":{"0":[0],"1":[0,0],"2":[0],"3":[0],"4":[0,0],"5":[0]}}
,"D:\\Users\\Usama\\Documents\\GitHub\\Hospital-Finance-Dashboard\\src\\components\\Header.tsx": {"path":"D:\\Users\\Usama\\Documents\\GitHub\\Hospital-Finance-Dashboard\\src\\components\\Header.tsx","statementMap":{"0":{"start":{"line":1,"column":0},"end":{"line":1,"column":51}},"1":{"start":{"line":2,"column":0},"end":{"line":2,"column":34}},"2":{"start":{"line":3,"column":0},"end":{"line":3,"column":40}},"3":{"start":{"line":5,"column":0},"end":{"line":5,"column":43}},"4":{"start":{"line":16,"column":38},"end":{"line":276,"column":1}},"5":{"start":{"line":24,"column":28},"end":{"line":24,"column":37}},"6":{"start":{"line":25,"column":50},"end":{"line":25,"column":65}},"7":{"start":{"line":28,"column":2},"end":{"line":39,"column":25}},"8":{"start":{"line":29,"column":4},"end":{"line":33,"column":5}},"9":{"start":{"line":30,"column":6},"end":{"line":30,"column":46}},"10":{"start":{"line":32,"column":6},"end":{"line":32,"column":45}},"11":{"start":{"line":36,"column":4},"end":{"line":38,"column":6}},"12":{"start":{"line":37,"column":6},"end":{"line":37,"column":45}},"13":{"start":{"line":40,"column":26},"end":{"line":44,"column":5}},"14":{"start":{"line":40,"column":53},"end":{"line":44,"column":4}},"15":{"start":{"line":46,"column":22},"end":{"line":49,"column":5}},"16":{"start":{"line":46,"column":50},"end":{"line":49,"column":4}},"17":{"start":{"line":51,"column":27},"end":{"line":51,"column":75}},"18":{"start":{"line":51,"column":47},"end":{"line":51,"column":74}},"19":{"start":{"line":53,"column":2},"end":{"line":275,"column":4}},"20":{"start":{"line":100,"column":39},"end":{"line":100,"column":68}},"21":{"start":{"line":128,"column":50},"end":{"line":128,"column":54}},"22":{"start":{"line":154,"column":29},"end":{"line":154,"column":67}},"23":{"start":{"line":181,"column":27},"end":{"line":181,"column":53}},"24":{"start":{"line":201,"column":31},"end":{"line":201,"column":57}},"25":{"start":{"line":218,"column":56},"end":{"line":218,"column":60}},"26":{"start":{"line":249,"column":35},"end":{"line":249,"column":61}},"27":{"start":{"line":260,"column":35},"end":{"line":260,"column":61}},"28":{"start":{"line":278,"column":0},"end":{"line":278,"column":22}}},"fnMap":{"0":{"name":"(anonymous_7)","decl":{"start":{"line":16,"column":38},"end":{"line":16,"column":39}},"loc":{"start":{"line":23,"column":5},"end":{"line":276,"column":1}}},"1":{"name":"(anonymous_8)","decl":{"start":{"line":28,"column":12},"end":{"line":28,"column":15}},"loc":{"start":{"line":28,"column":17},"end":{"line":39,"column":3}}},"2":{"name":"(anonymous_9)","decl":{"start":{"line":36,"column":11},"end":{"line":36,"column":14}},"loc":{"start":{"line":36,"column":16},"end":{"line":38,"column":5}}},"3":{"name":"(anonymous_10)","decl":{"start":{"line":40,"column":40},"end":{"line":40,"column":48}},"loc":{"start":{"line":40,"column":53},"end":{"line":44,"column":4}}},"4":{"name":"(anonymous_11)","decl":{"start":{"line":46,"column":41},"end":{"line":46,"column":45}},"loc":{"start":{"line":46,"column":50},"end":{"line":49,"column":4}}},"5":{"name":"(anonymous_12)","decl":{"start":{"line":51,"column":42},"end":{"line":51,"column":43}},"loc":{"start":{"line":51,"column":47},"end":{"line":51,"column":74}}},"6":{"name":"(anonymous_13)","decl":{"start":{"line":100,"column":28},"end":{"line":100,"column":29}},"loc":{"start":{"line":100,"column":39},"end":{"line":100,"column":68}}},"7":{"name":"(anonymous_14)","decl":{"start":{"line":128,"column":45},"end":{"line":128,"column":46}},"loc":{"start":{"line":128,"column":50},"end":{"line":128,"column":54}}},"8":{"name":"(anonymous_15)","decl":{"start":{"line":154,"column":23},"end":{"line":154,"column":26}},"loc":{"start":{"line":154,"column":29},"end":{"line":154,"column":67}}},"9":{"name":"(anonymous_16)","decl":{"start":{"line":181,"column":21},"end":{"line":181,"column":24}},"loc":{"start":{"line":181,"column":27},"end":{"line":181,"column":53}}},"10":{"name":"(anonymous_17)","decl":{"start":{"line":201,"column":25},"end":{"line":201,"column":28}},"loc":{"start":{"line":201,"column":31},"end":{"line":201,"column":57}}},"11":{"name":"(anonymous_18)","decl":{"start":{"line":218,"column":51},"end":{"line":218,"column":52}},"loc":{"start":{"line":218,"column":56},"end":{"line":218,"column":60}}},"12":{"name":"(anonymous_19)","decl":{"start":{"line":249,"column":29},"end":{"line":249,"column":32}},"loc":{"start":{"line":249,"column":35},"end":{"line":249,"column":61}}},"13":{"name":"(anonymous_20)","decl":{"start":{"line":260,"column":29},"end":{"line":260,"column":32}},"loc":{"start":{"line":260,"column":35},"end":{"line":260,"column":61}}}},"branchMap":{"0":{"loc":{"start":{"line":29,"column":4},"end":{"line":33,"column":5}},"type":"if","locations":[{"start":{"line":29,"column":4},"end":{"line":33,"column":5}},{"start":{"line":31,"column":11},"end":{"line":33,"column":5}}]},"1":{"loc":{"start":{"line":68,"column":17},"end":{"line":68,"column":127}},"type":"cond-expr","locations":[{"start":{"line":68,"column":36},"end":{"line":68,"column":80}},{"start":{"line":68,"column":83},"end":{"line":68,"column":127}}]},"2":{"loc":{"start":{"line":159,"column":15},"end":{"line":166,"column":null}},"type":"cond-expr","locations":[{"start":{"line":160,"column":16},"end":{"line":161,"column":null}},{"start":{"line":164,"column":16},"end":{"line":165,"column":null}}]},"3":{"loc":{"start":{"line":175,"column":12},"end":{"line":175,"column":null}},"type":"cond-expr","locations":[{"start":{"line":175,"column":31},"end":{"line":175,"column":44}},{"start":{"line":175,"column":47},"end":{"line":175,"column":null}}]},"4":{"loc":{"start":{"line":188,"column":14},"end":{"line":188,"column":null}},"type":"cond-expr","locations":[{"start":{"line":188,"column":33},"end":{"line":188,"column":48}},{"start":{"line":188,"column":51},"end":{"line":188,"column":null}}]}},"s":{"0":0,"1":0,"2":0,"3":0,"4":0,"5":0,"6":0,"7":0,"8":0,"9":0,"10":0,"11":0,"12":0,"13":0,"14":0,"15":0,"16":0,"17":0,"18":0,"19":0,"20":0,"21":0,"22":0,"23":0,"24":0,"25":0,"26":0,"27":0,"28":0},"f":{"0":0,"1":0,"2":0,"3":0,"4":0,"5":0,"6":0,"7":0,"8":0,"9":0,"10":0,"11":0,"12":0,"13":0},"b":{"0":[0,0],"1":[0,0],"2":[0,0],"3":[0,0],"4":[0,0]}}
,"D:\\Users\\Usama\\Documents\\GitHub\\Hospital-Finance-Dashboard\\src\\components\\LoadingSpinner.tsx": {"path":"D:\\Users\\Usama\\Documents\\GitHub\\Hospital-Finance-Dashboard\\src\\components\\LoadingSpinner.tsx","statementMap":{"0":{"start":{"line":1,"column":0},"end":{"line":1,"column":26}},"1":{"start":{"line":68,"column":54},"end":{"line":108,"column":1}},"2":{"start":{"line":75,"column":22},"end":{"line":79,"column":4}},"3":{"start":{"line":81,"column":22},"end":{"line":81,"column":39}},"4":{"start":{"line":83,"column":2},"end":{"line":107,"column":4}},"5":{"start":{"line":110,"column":0},"end":{"line":110,"column":30}}},"fnMap":{"0":{"name":"(anonymous_1)","decl":{"start":{"line":68,"column":54},"end":{"line":68,"column":55}},"loc":{"start":{"line":73,"column":5},"end":{"line":108,"column":1}}}},"branchMap":{"0":{"loc":{"start":{"line":69,"column":2},"end":{"line":69,"column":13}},"type":"default-arg","locations":[{"start":{"line":69,"column":9},"end":{"line":69,"column":13}}]},"1":{"loc":{"start":{"line":70,"column":2},"end":{"line":70,"column":21}},"type":"default-arg","locations":[{"start":{"line":70,"column":9},"end":{"line":70,"column":21}}]},"2":{"loc":{"start":{"line":72,"column":2},"end":{"line":72,"column":16}},"type":"default-arg","locations":[{"start":{"line":72,"column":14},"end":{"line":72,"column":16}}]},"3":{"loc":{"start":{"line":93,"column":9},"end":{"line":96,"column":null}},"type":"binary-expr","locations":[{"start":{"line":93,"column":9},"end":{"line":93,"column":13}},{"start":{"line":94,"column":10},"end":{"line":95,"column":null}}]},"4":{"loc":{"start":{"line":100,"column":9},"end":{"line":103,"column":null}},"type":"binary-expr","locations":[{"start":{"line":100,"column":9},"end":{"line":100,"column":16}},{"start":{"line":101,"column":10},"end":{"line":102,"column":null}}]}},"s":{"0":0,"1":0,"2":0,"3":0,"4":0,"5":0},"f":{"0":0},"b":{"0":[0],"1":[0],"2":[0],"3":[0,0],"4":[0,0]}}
,"D:\\Users\\Usama\\Documents\\GitHub\\Hospital-Finance-Dashboard\\src\\components\\MetricCard.tsx": {"path":"D:\\Users\\Usama\\Documents\\GitHub\\Hospital-Finance-Dashboard\\src\\components\\MetricCard.tsx","statementMap":{"0":{"start":{"line":1,"column":0},"end":{"line":1,"column":26}},"1":{"start":{"line":3,"column":0},"end":{"line":3,"column":116}},"2":{"start":{"line":50,"column":46},"end":{"line":116,"column":1}},"3":{"start":{"line":58,"column":22},"end":{"line":69,"column":3}},"4":{"start":{"line":59,"column":4},"end":{"line":68,"column":5}},"5":{"start":{"line":61,"column":8},"end":{"line":61,"column":37}},"6":{"start":{"line":63,"column":8},"end":{"line":63,"column":39}},"7":{"start":{"line":65,"column":8},"end":{"line":65,"column":35}},"8":{"start":{"line":67,"column":8},"end":{"line":67,"column":32}},"9":{"start":{"line":71,"column":2},"end":{"line":115,"column":4}},"10":{"start":{"line":118,"column":0},"end":{"line":118,"column":26}}},"fnMap":{"0":{"name":"(anonymous_1)","decl":{"start":{"line":50,"column":46},"end":{"line":50,"column":47}},"loc":{"start":{"line":50,"column":61},"end":{"line":116,"column":1}}},"1":{"name":"(anonymous_2)","decl":{"start":{"line":58,"column":22},"end":{"line":58,"column":23}},"loc":{"start":{"line":58,"column":56},"end":{"line":69,"column":3}}}},"branchMap":{"0":{"loc":{"start":{"line":59,"column":4},"end":{"line":68,"column":5}},"type":"switch","locations":[{"start":{"line":60,"column":6},"end":{"line":61,"column":37}},{"start":{"line":62,"column":6},"end":{"line":63,"column":39}},{"start":{"line":64,"column":6},"end":{"line":65,"column":35}},{"start":{"line":66,"column":6},"end":{"line":67,"column":32}}]},"1":{"loc":{"start":{"line":105,"column":25},"end":{"line":105,"column":85}},"type":"cond-expr","locations":[{"start":{"line":105,"column":60},"end":{"line":105,"column":71}},{"start":{"line":105,"column":74},"end":{"line":105,"column":85}}]}},"s":{"0":0,"1":0,"2":0,"3":0,"4":0,"5":0,"6":0,"7":0,"8":0,"9":0,"10":0},"f":{"0":0,"1":0},"b":{"0":[0,0,0,0],"1":[0,0]}}
,"D:\\Users\\Usama\\Documents\\GitHub\\Hospital-Finance-Dashboard\\src\\components\\PatientMetricsCard.tsx": {"path":"D:\\Users\\Usama\\Documents\\GitHub\\Hospital-Finance-Dashboard\\src\\components\\PatientMetricsCard.tsx","statementMap":{"0":{"start":{"line":1,"column":0},"end":{"line":1,"column":26}},"1":{"start":{"line":3,"column":0},"end":{"line":3,"column":69}},"2":{"start":{"line":16,"column":62},"end":{"line":96,"column":1}},"3":{"start":{"line":17,"column":22},"end":{"line":54,"column":4}},"4":{"start":{"line":56,"column":2},"end":{"line":95,"column":4}},"5":{"start":{"line":70,"column":10},"end":{"line":71,"column":null}},"6":{"start":{"line":98,"column":0},"end":{"line":98,"column":34}}},"fnMap":{"0":{"name":"(anonymous_1)","decl":{"start":{"line":16,"column":62},"end":{"line":16,"column":63}},"loc":{"start":{"line":16,"column":78},"end":{"line":96,"column":1}}},"1":{"name":"(anonymous_2)","decl":{"start":{"line":69,"column":25},"end":{"line":69,"column":26}},"loc":{"start":{"line":70,"column":10},"end":{"line":71,"column":null}}}},"branchMap":{},"s":{"0":0,"1":0,"2":0,"3":0,"4":0,"5":0,"6":0},"f":{"0":0,"1":0},"b":{}}
,"D:\\Users\\Usama\\Documents\\GitHub\\Hospital-Finance-Dashboard\\src\\components\\RevenueChart.tsx": {"path":"D:\\Users\\Usama\\Documents\\GitHub\\Hospital-Finance-Dashboard\\src\\components\\RevenueChart.tsx","statementMap":{"0":{"start":{"line":1,"column":0},"end":{"line":1,"column":26}},"1":{"start":{"line":2,"column":0},"end":{"line":2,"column":110}},"2":{"start":{"line":4,"column":0},"end":{"line":4,"column":53}},"3":{"start":{"line":5,"column":0},"end":{"line":5,"column":55}},"4":{"start":{"line":6,"column":0},"end":{"line":6,"column":40}},"5":{"start":{"line":19,"column":50},"end":{"line":135,"column":1}},"6":{"start":{"line":20,"column":25},"end":{"line":20,"column":40}},"7":{"start":{"line":22,"column":2},"end":{"line":39,"column":3}},"8":{"start":{"line":23,"column":4},"end":{"line":38,"column":6}},"9":{"start":{"line":53,"column":24},"end":{"line":77,"column":3}},"10":{"start":{"line":54,"column":4},"end":{"line":75,"column":5}},"11":{"start":{"line":55,"column":6},"end":{"line":74,"column":8}},"12":{"start":{"line":69,"column":12},"end":{"line":69,"column":27}},"13":{"start":{"line":76,"column":4},"end":{"line":76,"column":16}},"14":{"start":{"line":79,"column":2},"end":{"line":134,"column":4}},"15":{"start":{"line":97,"column":40},"end":{"line":97,"column":75}},"16":{"start":{"line":137,"column":0},"end":{"line":137,"column":28}}},"fnMap":{"0":{"name":"(anonymous_1)","decl":{"start":{"line":19,"column":50},"end":{"line":19,"column":51}},"loc":{"start":{"line":19,"column":63},"end":{"line":135,"column":1}}},"1":{"name":"(anonymous_2)","decl":{"start":{"line":53,"column":24},"end":{"line":53,"column":25}},"loc":{"start":{"line":53,"column":75},"end":{"line":77,"column":3}}},"2":{"name":"(anonymous_3)","decl":{"start":{"line":68,"column":23},"end":{"line":68,"column":24}},"loc":{"start":{"line":69,"column":12},"end":{"line":69,"column":27}}},"3":{"name":"(anonymous_4)","decl":{"start":{"line":97,"column":29},"end":{"line":97,"column":30}},"loc":{"start":{"line":97,"column":40},"end":{"line":97,"column":75}}}},"branchMap":{"0":{"loc":{"start":{"line":22,"column":2},"end":{"line":39,"column":3}},"type":"if","locations":[{"start":{"line":22,"column":2},"end":{"line":39,"column":3}}]},"1":{"loc":{"start":{"line":22,"column":6},"end":{"line":22,"column":32}},"type":"binary-expr","locations":[{"start":{"line":22,"column":6},"end":{"line":22,"column":11}},{"start":{"line":22,"column":15},"end":{"line":22,"column":32}}]},"2":{"loc":{"start":{"line":54,"column":4},"end":{"line":75,"column":5}},"type":"if","locations":[{"start":{"line":54,"column":4},"end":{"line":75,"column":5}}]},"3":{"loc":{"start":{"line":54,"column":8},"end":{"line":54,"column":43}},"type":"binary-expr","locations":[{"start":{"line":54,"column":8},"end":{"line":54,"column":14}},{"start":{"line":54,"column":18},"end":{"line":54,"column":25}},{"start":{"line":54,"column":29},"end":{"line":54,"column":43}}]}},"s":{"0":0,"1":0,"2":0,"3":0,"4":0,"5":0,"6":0,"7":0,"8":0,"9":0,"10":0,"11":0,"12":0,"13":0,"14":0,"15":0,"16":0},"f":{"0":0,"1":0,"2":0,"3":0},"b":{"0":[0],"1":[0,0],"2":[0],"3":[0,0,0]}}
,"D:\\Users\\Usama\\Documents\\GitHub\\Hospital-Finance-Dashboard\\src\\components\\ThemeToggle.tsx": {"path":"D:\\Users\\Usama\\Documents\\GitHub\\Hospital-Finance-Dashboard\\src\\components\\ThemeToggle.tsx","statementMap":{"0":{"start":{"line":1,"column":0},"end":{"line":1,"column":26}},"1":{"start":{"line":2,"column":0},"end":{"line":2,"column":45}},"2":{"start":{"line":17,"column":48},"end":{"line":76,"column":1}},"3":{"start":{"line":18,"column":38},"end":{"line":18,"column":48}},"4":{"start":{"line":20,"column":22},"end":{"line":24,"column":4}},"5":{"start":{"line":26,"column":19},"end":{"line":26,"column":36}},"6":{"start":{"line":28,"column":2},"end":{"line":75,"column":4}},"7":{"start":{"line":30,"column":21},"end":{"line":30,"column":75}},"8":{"start":{"line":78,"column":0},"end":{"line":78,"column":27}}},"fnMap":{"0":{"name":"(anonymous_1)","decl":{"start":{"line":17,"column":48},"end":{"line":17,"column":49}},"loc":{"start":{"line":17,"column":84},"end":{"line":76,"column":1}}},"1":{"name":"(anonymous_2)","decl":{"start":{"line":30,"column":15},"end":{"line":30,"column":18}},"loc":{"start":{"line":30,"column":21},"end":{"line":30,"column":75}}}},"branchMap":{"0":{"loc":{"start":{"line":17,"column":51},"end":{"line":17,"column":65}},"type":"default-arg","locations":[{"start":{"line":17,"column":63},"end":{"line":17,"column":65}}]},"1":{"loc":{"start":{"line":17,"column":67},"end":{"line":17,"column":78}},"type":"default-arg","locations":[{"start":{"line":17,"column":74},"end":{"line":17,"column":78}}]},"2":{"loc":{"start":{"line":30,"column":30},"end":{"line":30,"column":74}},"type":"cond-expr","locations":[{"start":{"line":30,"column":58},"end":{"line":30,"column":64}},{"start":{"line":30,"column":67},"end":{"line":30,"column":74}}]},"3":{"loc":{"start":{"line":42,"column":13},"end":{"line":42,"column":87}},"type":"cond-expr","locations":[{"start":{"line":42,"column":41},"end":{"line":42,"column":62}},{"start":{"line":42,"column":65},"end":{"line":42,"column":87}}]},"4":{"loc":{"start":{"line":43,"column":18},"end":{"line":43,"column":92}},"type":"cond-expr","locations":[{"start":{"line":43,"column":46},"end":{"line":43,"column":67}},{"start":{"line":43,"column":70},"end":{"line":43,"column":92}}]},"5":{"loc":{"start":{"line":45,"column":7},"end":{"line":72,"column":null}},"type":"cond-expr","locations":[{"start":{"line":46,"column":8},"end":{"line":57,"column":null}},{"start":{"line":60,"column":8},"end":{"line":71,"column":null}}]}},"s":{"0":0,"1":0,"2":0,"3":0,"4":0,"5":0,"6":0,"7":0,"8":0},"f":{"0":0,"1":0},"b":{"0":[0],"1":[0],"2":[0,0],"3":[0,0],"4":[0,0],"5":[0,0]}}
,"D:\\Users\\Usama\\Documents\\GitHub\\Hospital-Finance-Dashboard\\src\\components\\auth\\AuthWrapper.tsx": {"path":"D:\\Users\\Usama\\Documents\\GitHub\\Hospital-Finance-Dashboard\\src\\components\\auth\\AuthWrapper.tsx","statementMap":{"0":{"start":{"line":1,"column":0},"end":{"line":1,"column":40}},"1":{"start":{"line":2,"column":0},"end":{"line":2,"column":38}},"2":{"start":{"line":3,"column":0},"end":{"line":3,"column":38}},"3":{"start":{"line":4,"column":0},"end":{"line":4,"column":47}},"4":{"start":{"line":5,"column":0},"end":{"line":5,"column":46}},"5":{"start":{"line":20,"column":48},"end":{"line":43,"column":1}},"6":{"start":{"line":21,"column":34},"end":{"line":21,"column":49}},"7":{"start":{"line":22,"column":41},"end":{"line":22,"column":50}},"8":{"start":{"line":24,"column":2},"end":{"line":32,"column":3}},"9":{"start":{"line":25,"column":4},"end":{"line":31,"column":6}},"10":{"start":{"line":34,"column":2},"end":{"line":40,"column":3}},"11":{"start":{"line":35,"column":4},"end":{"line":39,"column":6}},"12":{"start":{"line":36,"column":42},"end":{"line":36,"column":60}},"13":{"start":{"line":38,"column":42},"end":{"line":38,"column":59}},"14":{"start":{"line":42,"column":2},"end":{"line":42,"column":25}},"15":{"start":{"line":45,"column":0},"end":{"line":45,"column":27}}},"fnMap":{"0":{"name":"(anonymous_7)","decl":{"start":{"line":20,"column":48},"end":{"line":20,"column":49}},"loc":{"start":{"line":20,"column":65},"end":{"line":43,"column":1}}},"1":{"name":"(anonymous_8)","decl":{"start":{"line":36,"column":36},"end":{"line":36,"column":39}},"loc":{"start":{"line":36,"column":42},"end":{"line":36,"column":60}}},"2":{"name":"(anonymous_9)","decl":{"start":{"line":38,"column":36},"end":{"line":38,"column":39}},"loc":{"start":{"line":38,"column":42},"end":{"line":38,"column":59}}}},"branchMap":{"0":{"loc":{"start":{"line":24,"column":2},"end":{"line":32,"column":3}},"type":"if","locations":[{"start":{"line":24,"column":2},"end":{"line":32,"column":3}}]},"1":{"loc":{"start":{"line":34,"column":2},"end":{"line":40,"column":3}},"type":"if","locations":[{"start":{"line":34,"column":2},"end":{"line":40,"column":3}}]},"2":{"loc":{"start":{"line":35,"column":11},"end":{"line":38,"column":null}},"type":"cond-expr","locations":[{"start":{"line":36,"column":6},"end":{"line":36,"column":64}},{"start":{"line":38,"column":6},"end":{"line":38,"column":63}}]}},"s":{"0":0,"1":0,"2":0,"3":0,"4":0,"5":0,"6":0,"7":0,"8":0,"9":0,"10":0,"11":0,"12":0,"13":0,"14":0,"15":0},"f":{"0":0,"1":0,"2":0},"b":{"0":[0],"1":[0],"2":[0,0]}}
,"D:\\Users\\Usama\\Documents\\GitHub\\Hospital-Finance-Dashboard\\src\\components\\auth\\SignInPage.tsx": {"path":"D:\\Users\\Usama\\Documents\\GitHub\\Hospital-Finance-Dashboard\\src\\components\\auth\\SignInPage.tsx","statementMap":{"0":{"start":{"line":1,"column":0},"end":{"line":1,"column":40}},"1":{"start":{"line":2,"column":0},"end":{"line":2,"column":46}},"2":{"start":{"line":3,"column":0},"end":{"line":3,"column":69}},"3":{"start":{"line":4,"column":0},"end":{"line":4,"column":49}},"4":{"start":{"line":5,"column":0},"end":{"line":5,"column":44}},"5":{"start":{"line":6,"column":0},"end":{"line":6,"column":32}},"6":{"start":{"line":7,"column":0},"end":{"line":7,"column":30}},"7":{"start":{"line":8,"column":0},"end":{"line":8,"column":31}},"8":{"start":{"line":14,"column":46},"end":{"line":126,"column":1}},"9":{"start":{"line":15,"column":28},"end":{"line":15,"column":40}},"10":{"start":{"line":16,"column":34},"end":{"line":16,"column":46}},"11":{"start":{"line":17,"column":42},"end":{"line":17,"column":54}},"12":{"start":{"line":18,"column":32},"end":{"line":18,"column":41}},"13":{"start":{"line":20,"column":23},"end":{"line":38,"column":3}},"14":{"start":{"line":21,"column":4},"end":{"line":21,"column":23}},"15":{"start":{"line":22,"column":4},"end":{"line":22,"column":24}},"16":{"start":{"line":24,"column":23},"end":{"line":24,"column":49}},"17":{"start":{"line":25,"column":4},"end":{"line":28,"column":5}},"18":{"start":{"line":26,"column":6},"end":{"line":26,"column":66}},"19":{"start":{"line":27,"column":6},"end":{"line":27,"column":13}},"20":{"start":{"line":30,"column":4},"end":{"line":37,"column":5}},"21":{"start":{"line":31,"column":6},"end":{"line":31,"column":81}},"22":{"start":{"line":32,"column":6},"end":{"line":32,"column":36}},"23":{"start":{"line":33,"column":6},"end":{"line":33,"column":84}},"24":{"start":{"line":35,"column":6},"end":{"line":35,"column":88}},"25":{"start":{"line":36,"column":6},"end":{"line":36,"column":46}},"26":{"start":{"line":40,"column":19},"end":{"line":43,"column":3}},"27":{"start":{"line":41,"column":4},"end":{"line":41,"column":20}},"28":{"start":{"line":42,"column":4},"end":{"line":42,"column":26}},"29":{"start":{"line":45,"column":2},"end":{"line":125,"column":4}},"30":{"start":{"line":63,"column":16},"end":{"line":64,"column":null}},"31":{"start":{"line":65,"column":33},"end":{"line":65,"column":74}},"32":{"start":{"line":90,"column":31},"end":{"line":90,"column":55}},"33":{"start":{"line":99,"column":31},"end":{"line":99,"column":58}},"34":{"start":{"line":128,"column":0},"end":{"line":128,"column":26}}},"fnMap":{"0":{"name":"(anonymous_7)","decl":{"start":{"line":14,"column":46},"end":{"line":14,"column":47}},"loc":{"start":{"line":14,"column":88},"end":{"line":126,"column":1}}},"1":{"name":"(anonymous_8)","decl":{"start":{"line":20,"column":23},"end":{"line":20,"column":28}},"loc":{"start":{"line":20,"column":52},"end":{"line":38,"column":3}}},"2":{"name":"(anonymous_9)","decl":{"start":{"line":40,"column":19},"end":{"line":40,"column":20}},"loc":{"start":{"line":40,"column":55},"end":{"line":43,"column":3}}},"3":{"name":"(anonymous_10)","decl":{"start":{"line":62,"column":32},"end":{"line":62,"column":33}},"loc":{"start":{"line":63,"column":16},"end":{"line":64,"column":null}}},"4":{"name":"(anonymous_11)","decl":{"start":{"line":65,"column":27},"end":{"line":65,"column":30}},"loc":{"start":{"line":65,"column":33},"end":{"line":65,"column":74}}},"5":{"name":"(anonymous_12)","decl":{"start":{"line":90,"column":24},"end":{"line":90,"column":25}},"loc":{"start":{"line":90,"column":31},"end":{"line":90,"column":55}}},"6":{"name":"(anonymous_13)","decl":{"start":{"line":99,"column":24},"end":{"line":99,"column":25}},"loc":{"start":{"line":99,"column":31},"end":{"line":99,"column":58}}}},"branchMap":{"0":{"loc":{"start":{"line":25,"column":4},"end":{"line":28,"column":5}},"type":"if","locations":[{"start":{"line":25,"column":4},"end":{"line":28,"column":5}}]},"1":{"loc":{"start":{"line":26,"column":22},"end":{"line":26,"column":64}},"type":"binary-expr","locations":[{"start":{"line":26,"column":22},"end":{"line":26,"column":42}},{"start":{"line":26,"column":46},"end":{"line":26,"column":64}}]},"2":{"loc":{"start":{"line":79,"column":13},"end":{"line":82,"column":null}},"type":"binary-expr","locations":[{"start":{"line":79,"column":13},"end":{"line":79,"column":25}},{"start":{"line":80,"column":14},"end":{"line":81,"column":null}}]}},"s":{"0":0,"1":0,"2":0,"3":0,"4":0,"5":0,"6":0,"7":0,"8":0,"9":0,"10":0,"11":0,"12":0,"13":0,"14":0,"15":0,"16":0,"17":0,"18":0,"19":0,"20":0,"21":0,"22":0,"23":0,"24":0,"25":0,"26":0,"27":0,"28":0,"29":0,"30":0,"31":0,"32":0,"33":0,"34":0},"f":{"0":0,"1":0,"2":0,"3":0,"4":0,"5":0,"6":0},"b":{"0":[0],"1":[0,0],"2":[0,0]}}
,"D:\\Users\\Usama\\Documents\\GitHub\\Hospital-Finance-Dashboard\\src\\components\\auth\\SignUpPage.tsx": {"path":"D:\\Users\\Usama\\Documents\\GitHub\\Hospital-Finance-Dashboard\\src\\components\\auth\\SignUpPage.tsx","statementMap":{"0":{"start":{"line":1,"column":0},"end":{"line":1,"column":40}},"1":{"start":{"line":2,"column":0},"end":{"line":2,"column":46}},"2":{"start":{"line":4,"column":0},"end":{"line":4,"column":48}},"3":{"start":{"line":5,"column":0},"end":{"line":5,"column":56}},"4":{"start":{"line":6,"column":0},"end":{"line":6,"column":32}},"5":{"start":{"line":7,"column":0},"end":{"line":7,"column":30}},"6":{"start":{"line":8,"column":0},"end":{"line":8,"column":31}},"7":{"start":{"line":14,"column":46},"end":{"line":260,"column":1}},"8":{"start":{"line":15,"column":34},"end":{"line":23,"column":4}},"9":{"start":{"line":24,"column":28},"end":{"line":24,"column":40}},"10":{"start":{"line":25,"column":32},"end":{"line":25,"column":41}},"11":{"start":{"line":27,"column":23},"end":{"line":71,"column":3}},"12":{"start":{"line":28,"column":4},"end":{"line":28,"column":23}},"13":{"start":{"line":29,"column":4},"end":{"line":29,"column":17}},"14":{"start":{"line":31,"column":4},"end":{"line":34,"column":5}},"15":{"start":{"line":32,"column":6},"end":{"line":32,"column":41}},"16":{"start":{"line":33,"column":6},"end":{"line":33,"column":13}},"17":{"start":{"line":36,"column":4},"end":{"line":39,"column":5}},"18":{"start":{"line":37,"column":6},"end":{"line":37,"column":62}},"19":{"start":{"line":38,"column":6},"end":{"line":38,"column":13}},"20":{"start":{"line":41,"column":4},"end":{"line":44,"column":5}},"21":{"start":{"line":42,"column":6},"end":{"line":42,"column":67}},"22":{"start":{"line":43,"column":6},"end":{"line":43,"column":13}},"23":{"start":{"line":46,"column":4},"end":{"line":49,"column":5}},"24":{"start":{"line":47,"column":6},"end":{"line":47,"column":78}},"25":{"start":{"line":48,"column":6},"end":{"line":48,"column":13}},"26":{"start":{"line":51,"column":4},"end":{"line":70,"column":5}},"27":{"start":{"line":52,"column":37},"end":{"line":57,"column":8}},"28":{"start":{"line":59,"column":6},"end":{"line":61,"column":7}},"29":{"start":{"line":60,"column":8},"end":{"line":60,"column":52}},"30":{"start":{"line":63,"column":6},"end":{"line":65,"column":7}},"31":{"start":{"line":64,"column":8},"end":{"line":64,"column":54}},"32":{"start":{"line":67,"column":6},"end":{"line":67,"column":31}},"33":{"start":{"line":69,"column":6},"end":{"line":69,"column":73}},"34":{"start":{"line":73,"column":28},"end":{"line":75,"column":3}},"35":{"start":{"line":74,"column":4},"end":{"line":74,"column":55}},"36":{"start":{"line":74,"column":25},"end":{"line":74,"column":52}},"37":{"start":{"line":77,"column":34},"end":{"line":89,"column":3}},"38":{"start":{"line":78,"column":4},"end":{"line":88,"column":5}},"39":{"start":{"line":79,"column":6},"end":{"line":82,"column":10}},"40":{"start":{"line":79,"column":27},"end":{"line":82,"column":8}},"41":{"start":{"line":84,"column":6},"end":{"line":87,"column":10}},"42":{"start":{"line":84,"column":27},"end":{"line":87,"column":8}},"43":{"start":{"line":86,"column":51},"end":{"line":86,"column":68}},"44":{"start":{"line":91,"column":2},"end":{"line":259,"column":4}},"45":{"start":{"line":116,"column":31},"end":{"line":116,"column":72}},"46":{"start":{"line":126,"column":31},"end":{"line":126,"column":73}},"47":{"start":{"line":136,"column":31},"end":{"line":136,"column":76}},"48":{"start":{"line":146,"column":31},"end":{"line":146,"column":83}},"49":{"start":{"line":156,"column":18},"end":{"line":156,"column":34}},"50":{"start":{"line":163,"column":39},"end":{"line":163,"column":92}},"51":{"start":{"line":190,"column":37},"end":{"line":190,"column":84}},"52":{"start":{"line":196,"column":22},"end":{"line":196,"column":48}},"53":{"start":{"line":217,"column":20},"end":{"line":217,"column":43}},"54":{"start":{"line":222,"column":41},"end":{"line":222,"column":95}},"55":{"start":{"line":262,"column":0},"end":{"line":262,"column":26}}},"fnMap":{"0":{"name":"(anonymous_7)","decl":{"start":{"line":14,"column":46},"end":{"line":14,"column":47}},"loc":{"start":{"line":14,"column":71},"end":{"line":260,"column":1}}},"1":{"name":"(anonymous_8)","decl":{"start":{"line":27,"column":23},"end":{"line":27,"column":28}},"loc":{"start":{"line":27,"column":52},"end":{"line":71,"column":3}}},"2":{"name":"(anonymous_9)","decl":{"start":{"line":73,"column":28},"end":{"line":73,"column":29}},"loc":{"start":{"line":73,"column":72},"end":{"line":75,"column":3}}},"3":{"name":"(anonymous_10)","decl":{"start":{"line":74,"column":16},"end":{"line":74,"column":20}},"loc":{"start":{"line":74,"column":25},"end":{"line":74,"column":52}}},"4":{"name":"(anonymous_11)","decl":{"start":{"line":77,"column":34},"end":{"line":77,"column":35}},"loc":{"start":{"line":77,"column":75},"end":{"line":89,"column":3}}},"5":{"name":"(anonymous_12)","decl":{"start":{"line":79,"column":18},"end":{"line":79,"column":22}},"loc":{"start":{"line":79,"column":27},"end":{"line":82,"column":8}}},"6":{"name":"(anonymous_13)","decl":{"start":{"line":84,"column":18},"end":{"line":84,"column":22}},"loc":{"start":{"line":84,"column":27},"end":{"line":87,"column":8}}},"7":{"name":"(anonymous_14)","decl":{"start":{"line":86,"column":45},"end":{"line":86,"column":47}},"loc":{"start":{"line":86,"column":51},"end":{"line":86,"column":68}}},"8":{"name":"(anonymous_15)","decl":{"start":{"line":116,"column":24},"end":{"line":116,"column":25}},"loc":{"start":{"line":116,"column":31},"end":{"line":116,"column":72}}},"9":{"name":"(anonymous_16)","decl":{"start":{"line":126,"column":24},"end":{"line":126,"column":25}},"loc":{"start":{"line":126,"column":31},"end":{"line":126,"column":73}}},"10":{"name":"(anonymous_17)","decl":{"start":{"line":136,"column":24},"end":{"line":136,"column":25}},"loc":{"start":{"line":136,"column":31},"end":{"line":136,"column":76}}},"11":{"name":"(anonymous_18)","decl":{"start":{"line":146,"column":24},"end":{"line":146,"column":25}},"loc":{"start":{"line":146,"column":31},"end":{"line":146,"column":83}}},"12":{"name":"(anonymous_19)","decl":{"start":{"line":155,"column":67},"end":{"line":155,"column":68}},"loc":{"start":{"line":156,"column":18},"end":{"line":156,"column":34}}},"13":{"name":"(anonymous_20)","decl":{"start":{"line":163,"column":32},"end":{"line":163,"column":33}},"loc":{"start":{"line":163,"column":39},"end":{"line":163,"column":92}}},"14":{"name":"(anonymous_21)","decl":{"start":{"line":190,"column":30},"end":{"line":190,"column":31}},"loc":{"start":{"line":190,"column":37},"end":{"line":190,"column":84}}},"15":{"name":"(anonymous_22)","decl":{"start":{"line":195,"column":35},"end":{"line":195,"column":36}},"loc":{"start":{"line":196,"column":22},"end":{"line":196,"column":48}}},"16":{"name":"(anonymous_23)","decl":{"start":{"line":216,"column":33},"end":{"line":216,"column":34}},"loc":{"start":{"line":217,"column":20},"end":{"line":217,"column":43}}},"17":{"name":"(anonymous_24)","decl":{"start":{"line":222,"column":34},"end":{"line":222,"column":35}},"loc":{"start":{"line":222,"column":41},"end":{"line":222,"column":95}}}},"branchMap":{"0":{"loc":{"start":{"line":31,"column":4},"end":{"line":34,"column":5}},"type":"if","locations":[{"start":{"line":31,"column":4},"end":{"line":34,"column":5}}]},"1":{"loc":{"start":{"line":36,"column":4},"end":{"line":39,"column":5}},"type":"if","locations":[{"start":{"line":36,"column":4},"end":{"line":39,"column":5}}]},"2":{"loc":{"start":{"line":41,"column":4},"end":{"line":44,"column":5}},"type":"if","locations":[{"start":{"line":41,"column":4},"end":{"line":44,"column":5}}]},"3":{"loc":{"start":{"line":41,"column":8},"end":{"line":41,"column":64}},"type":"binary-expr","locations":[{"start":{"line":41,"column":8},"end":{"line":41,"column":40}},{"start":{"line":41,"column":44},"end":{"line":41,"column":64}}]},"4":{"loc":{"start":{"line":46,"column":4},"end":{"line":49,"column":5}},"type":"if","locations":[{"start":{"line":46,"column":4},"end":{"line":49,"column":5}}]},"5":{"loc":{"start":{"line":46,"column":8},"end":{"line":46,"column":79}},"type":"binary-expr","locations":[{"start":{"line":46,"column":8},"end":{"line":46,"column":42}},{"start":{"line":46,"column":46},"end":{"line":46,"column":79}}]},"6":{"loc":{"start":{"line":59,"column":6},"end":{"line":61,"column":7}},"type":"if","locations":[{"start":{"line":59,"column":6},"end":{"line":61,"column":7}}]},"7":{"loc":{"start":{"line":59,"column":10},"end":{"line":59,"column":65}},"type":"binary-expr","locations":[{"start":{"line":59,"column":10},"end":{"line":59,"column":42}},{"start":{"line":59,"column":46},"end":{"line":59,"column":65}}]},"8":{"loc":{"start":{"line":63,"column":6},"end":{"line":65,"column":7}},"type":"if","locations":[{"start":{"line":63,"column":6},"end":{"line":65,"column":7}}]},"9":{"loc":{"start":{"line":63,"column":10},"end":{"line":63,"column":79}},"type":"binary-expr","locations":[{"start":{"line":63,"column":10},"end":{"line":63,"column":44}},{"start":{"line":63,"column":48},"end":{"line":63,"column":79}}]},"10":{"loc":{"start":{"line":69,"column":15},"end":{"line":69,"column":71}},"type":"cond-expr","locations":[{"start":{"line":69,"column":38},"end":{"line":69,"column":49}},{"start":{"line":69,"column":52},"end":{"line":69,"column":71}}]},"11":{"loc":{"start":{"line":78,"column":4},"end":{"line":88,"column":5}},"type":"if","locations":[{"start":{"line":78,"column":4},"end":{"line":88,"column":5}},{"start":{"line":83,"column":11},"end":{"line":88,"column":5}}]},"12":{"loc":{"start":{"line":104,"column":13},"end":{"line":107,"column":null}},"type":"binary-expr","locations":[{"start":{"line":104,"column":13},"end":{"line":104,"column":18}},{"start":{"line":105,"column":14},"end":{"line":106,"column":null}}]},"13":{"loc":{"start":{"line":170,"column":25},"end":{"line":170,"column":123}},"type":"binary-expr","locations":[{"start":{"line":170,"column":25},"end":{"line":170,"column":41}},{"start":{"line":170,"column":45},"end":{"line":170,"column":123}}]},"14":{"loc":{"start":{"line":181,"column":13},"end":{"line":207,"column":null}},"type":"binary-expr","locations":[{"start":{"line":181,"column":13},"end":{"line":181,"column":45}},{"start":{"line":182,"column":14},"end":{"line":206,"column":null}}]},"15":{"loc":{"start":{"line":210,"column":13},"end":{"line":232,"column":null}},"type":"binary-expr","locations":[{"start":{"line":210,"column":13},"end":{"line":210,"column":47}},{"start":{"line":211,"column":14},"end":{"line":231,"column":null}}]}},"s":{"0":0,"1":0,"2":0,"3":0,"4":0,"5":0,"6":0,"7":0,"8":0,"9":0,"10":0,"11":0,"12":0,"13":0,"14":0,"15":0,"16":0,"17":0,"18":0,"19":0,"20":0,"21":0,"22":0,"23":0,"24":0,"25":0,"26":0,"27":0,"28":0,"29":0,"30":0,"31":0,"32":0,"33":0,"34":0,"35":0,"36":0,"37":0,"38":0,"39":0,"40":0,"41":0,"42":0,"43":0,"44":0,"45":0,"46":0,"47":0,"48":0,"49":0,"50":0,"51":0,"52":0,"53":0,"54":0,"55":0},"f":{"0":0,"1":0,"2":0,"3":0,"4":0,"5":0,"6":0,"7":0,"8":0,"9":0,"10":0,"11":0,"12":0,"13":0,"14":0,"15":0,"16":0,"17":0},"b":{"0":[0],"1":[0],"2":[0],"3":[0,0],"4":[0],"5":[0,0],"6":[0],"7":[0,0],"8":[0],"9":[0,0],"10":[0,0],"11":[0,0],"12":[0,0],"13":[0,0],"14":[0,0],"15":[0,0]}}
,"D:\\Users\\Usama\\Documents\\GitHub\\Hospital-Finance-Dashboard\\src\\components\\optimized\\OptimizedRevenueChart.tsx": {"path":"D:\\Users\\Usama\\Documents\\GitHub\\Hospital-Finance-Dashboard\\src\\components\\optimized\\OptimizedRevenueChart.tsx","statementMap":{"0":{"start":{"line":11,"column":0},"end":{"line":11,"column":58}},"1":{"start":{"line":12,"column":0},"end":{"line":12,"column":110}},"2":{"start":{"line":14,"column":0},"end":{"line":14,"column":56}},"3":{"start":{"line":15,"column":0},"end":{"line":15,"column":58}},"4":{"start":{"line":16,"column":0},"end":{"line":16,"column":61}},"5":{"start":{"line":17,"column":0},"end":{"line":17,"column":41}},"6":{"start":{"line":40,"column":22},"end":{"line":67,"column":2}},"7":{"start":{"line":41,"column":25},"end":{"line":41,"column":40}},"8":{"start":{"line":43,"column":2},"end":{"line":45,"column":3}},"9":{"start":{"line":44,"column":4},"end":{"line":44,"column":16}},"10":{"start":{"line":47,"column":2},"end":{"line":66,"column":4}},"11":{"start":{"line":61,"column":8},"end":{"line":61,"column":23}},"12":{"start":{"line":69,"column":0},"end":{"line":69,"column":44}},"13":{"start":{"line":74,"column":19},"end":{"line":104,"column":2}},"14":{"start":{"line":75,"column":2},"end":{"line":102,"column":null}},"15":{"start":{"line":106,"column":0},"end":{"line":106,"column":38}},"16":{"start":{"line":118,"column":59},"end":{"line":236,"column":2}},"17":{"start":{"line":123,"column":25},"end":{"line":123,"column":40}},"18":{"start":{"line":126,"column":24},"end":{"line":138,"column":12}},"19":{"start":{"line":127,"column":4},"end":{"line":127,"column":46}},"20":{"start":{"line":127,"column":36},"end":{"line":127,"column":46}},"21":{"start":{"line":129,"column":4},"end":{"line":137,"column":32}},"22":{"start":{"line":130,"column":6},"end":{"line":136,"column":10}},"23":{"start":{"line":130,"column":31},"end":{"line":136,"column":8}},"24":{"start":{"line":141,"column":22},"end":{"line":154,"column":19}},"25":{"start":{"line":141,"column":37},"end":{"line":154,"column":4}},"26":{"start":{"line":152,"column":40},"end":{"line":152,"column":75}},"27":{"start":{"line":157,"column":31},"end":{"line":161,"column":24}},"28":{"start":{"line":158,"column":4},"end":{"line":160,"column":5}},"29":{"start":{"line":159,"column":6},"end":{"line":159,"column":37}},"30":{"start":{"line":164,"column":2},"end":{"line":177,"column":3}},"31":{"start":{"line":165,"column":4},"end":{"line":176,"column":6}},"32":{"start":{"line":180,"column":2},"end":{"line":197,"column":3}},"33":{"start":{"line":181,"column":4},"end":{"line":196,"column":6}},"34":{"start":{"line":199,"column":2},"end":{"line":235,"column":4}},"35":{"start":{"line":238,"column":0},"end":{"line":238,"column":60}},"36":{"start":{"line":240,"column":0},"end":{"line":240,"column":37}}},"fnMap":{"0":{"name":"(anonymous_7)","decl":{"start":{"line":40,"column":47},"end":{"line":40,"column":48}},"loc":{"start":{"line":40,"column":78},"end":{"line":67,"column":1}}},"1":{"name":"(anonymous_8)","decl":{"start":{"line":60,"column":19},"end":{"line":60,"column":20}},"loc":{"start":{"line":61,"column":8},"end":{"line":61,"column":23}}},"2":{"name":"(anonymous_9)","decl":{"start":{"line":74,"column":45},"end":{"line":74,"column":46}},"loc":{"start":{"line":75,"column":2},"end":{"line":102,"column":null}}},"3":{"name":"(anonymous_10)","decl":{"start":{"line":118,"column":64},"end":{"line":118,"column":65}},"loc":{"start":{"line":122,"column":5},"end":{"line":236,"column":1}}},"4":{"name":"(anonymous_11)","decl":{"start":{"line":126,"column":32},"end":{"line":126,"column":35}},"loc":{"start":{"line":126,"column":37},"end":{"line":138,"column":3}}},"5":{"name":"(anonymous_12)","decl":{"start":{"line":129,"column":30},"end":{"line":129,"column":33}},"loc":{"start":{"line":129,"column":35},"end":{"line":137,"column":5}}},"6":{"name":"(anonymous_13)","decl":{"start":{"line":130,"column":22},"end":{"line":130,"column":26}},"loc":{"start":{"line":130,"column":31},"end":{"line":136,"column":8}}},"7":{"name":"(anonymous_14)","decl":{"start":{"line":141,"column":30},"end":{"line":141,"column":33}},"loc":{"start":{"line":141,"column":37},"end":{"line":154,"column":4}}},"8":{"name":"(anonymous_15)","decl":{"start":{"line":152,"column":21},"end":{"line":152,"column":22}},"loc":{"start":{"line":152,"column":40},"end":{"line":152,"column":75}}},"9":{"name":"(anonymous_16)","decl":{"start":{"line":157,"column":43},"end":{"line":157,"column":44}},"loc":{"start":{"line":157,"column":57},"end":{"line":161,"column":3}}}},"branchMap":{"0":{"loc":{"start":{"line":43,"column":2},"end":{"line":45,"column":3}},"type":"if","locations":[{"start":{"line":43,"column":2},"end":{"line":45,"column":3}}]},"1":{"loc":{"start":{"line":43,"column":6},"end":{"line":43,"column":44}},"type":"binary-expr","locations":[{"start":{"line":43,"column":6},"end":{"line":43,"column":13}},{"start":{"line":43,"column":17},"end":{"line":43,"column":25}},{"start":{"line":43,"column":29},"end":{"line":43,"column":44}}]},"2":{"loc":{"start":{"line":120,"column":2},"end":{"line":120,"column":19}},"type":"default-arg","locations":[{"start":{"line":120,"column":14},"end":{"line":120,"column":19}}]},"3":{"loc":{"start":{"line":127,"column":4},"end":{"line":127,"column":46}},"type":"if","locations":[{"start":{"line":127,"column":4},"end":{"line":127,"column":46}}]},"4":{"loc":{"start":{"line":127,"column":8},"end":{"line":127,"column":34}},"type":"binary-expr","locations":[{"start":{"line":127,"column":8},"end":{"line":127,"column":13}},{"start":{"line":127,"column":17},"end":{"line":127,"column":34}}]},"5":{"loc":{"start":{"line":158,"column":4},"end":{"line":160,"column":5}},"type":"if","locations":[{"start":{"line":158,"column":4},"end":{"line":160,"column":5}}]},"6":{"loc":{"start":{"line":158,"column":8},"end":{"line":158,"column":48}},"type":"binary-expr","locations":[{"start":{"line":158,"column":8},"end":{"line":158,"column":24}},{"star
[...]
s":[{"start":{"line":147,"column":46},"end":{"line":147,"column":53}},{"start":{"line":147,"column":56},"end":{"line":147,"column":63}}]},"5":{"loc":{"start":{"line":191,"column":4},"end":{"line":198,"column":5}},"type":"if","locations":[{"start":{"line":191,"column":4},"end":{"line":198,"column":5}},{"start":{"line":195,"column":11},"end":{"line":198,"column":5}}]},"6":{"loc":{"start":{"line":217,"column":2},"end":{"line":217,"column":44}},"type":"if","locations":[{"start":{"line":217,"column":2},"end":{"line":217,"column":44}}]},"7":{"loc":{"start":{"line":246,"column":2},"end":{"line":246,"column":19}},"type":"default-arg","locations":[{"start":{"line":246,"column":14},"end":{"line":246,"column":19}}]},"8":{"loc":{"start":{"line":253,"column":6},"end":{"line":253,"column":36}},"type":"if","locations":[{"start":{"line":253,"column":6},"end":{"line":253,"column":36}}]},"9":{"loc":{"start":{"line":256,"column":20},"end":{"line":256,"column":41}},"type":"binary-expr","locations":[{"start":{"line":256,"column":20},"end":{"line":256,"column":29}},{"start":{"line":256,"column":33},"end":{"line":256,"column":41}}]},"10":{"loc":{"start":{"line":258,"column":4},"end":{"line":258,"column":39}},"type":"if","locations":[{"start":{"line":258,"column":4},"end":{"line":258,"column":39}}]},"11":{"loc":{"start":{"line":261,"column":4},"end":{"line":261,"column":31}},"type":"if","locations":[{"start":{"line":261,"column":4},"end":{"line":261,"column":31}}]},"12":{"loc":{"start":{"line":286,"column":4},"end":{"line":290,"column":5}},"type":"if","locations":[{"start":{"line":286,"column":4},"end":{"line":290,"column":5}}]},"13":{"loc":{"start":{"line":319,"column":16},"end":{"line":319,"column":61}},"type":"cond-expr","locations":[{"start":{"line":319,"column":24},"end":{"line":319,"column":38}},{"start":{"line":319,"column":41},"end":{"line":319,"column":61}}]},"14":{"loc":{"start":{"line":321,"column":4},"end":{"line":323,"column":5}},"type":"if","locations":[{"start":{"line":321,"column":4},"end":{"line":323,"column":5}}]},"15":{"loc":{"start":{"line":376,"column":4},"end":{"line":378,"column":5}},"type":"if","locations":[{"start":{"line":376,"column":4},"end":{"line":378,"column":5}}]},"16":{"loc":{"start":{"line":376,"column":8},"end":{"line":376,"column":67}},"type":"binary-expr","locations":[{"start":{"line":376,"column":8},"end":{"line":376,"column":37}},{"start":{"line":376,"column":41},"end":{"line":376,"column":67}}]},"17":{"loc":{"start":{"line":391,"column":25},"end":{"line":391,"column":39}},"type":"default-arg","locations":[{"start":{"line":391,"column":37},"end":{"line":391,"column":39}}]},"18":{"loc":{"start":{"line":395,"column":6},"end":{"line":404,"column":7}},"type":"if","locations":[{"start":{"line":395,"column":6},"end":{"line":404,"column":7}}]},"19":{"loc":{"start":{"line":431,"column":25},"end":{"line":431,"column":79}},"type":"default-arg","locations":[{"start":{"line":431,"column":71},"end":{"line":431,"column":79}}]}},"s":{"0":1,"1":7,"2":7,"3":10,"4":1,"5":1,"6":9,"7":6,"8":6,"9":1,"10":1,"11":5,"12":5,"13":5,"14":5,"15":5,"16":5,"17":1,"18":4,"19":1,"20":1,"21":2,"22":1,"23":0,"24":1,"25":2,"26":1,"27":2,"28":1,"29":1,"30":1,"31":1,"32":1,"33":1,"34":1,"35":2,"36":2,"37":2,"38":2,"39":1,"40":1,"41":1,"42":1,"43":1,"44":0,"45":0,"46":0,"47":0,"48":0,"49":0,"50":1,"51":2,"52":2,"53":5,"54":2,"55":2,"56":1,"57":5,"58":5,"59":3,"60":5,"61":5,"62":1,"63":1,"64":1,"65":4,"66":2,"67":2,"68":2,"69":1,"70":1,"71":3,"72":3,"73":6,"74":6,"75":2,"76":4,"77":4,"78":4,"79":1,"80":1,"81":1,"82":1,"83":1,"84":1,"85":1,"86":1,"87":2,"88":1,"89":1,"90":1,"91":1,"92":1,"93":1,"94":0,"95":0,"96":0,"97":0,"98":1,"99":1,"100":1,"101":1,"102":1,"103":1,"104":1,"105":1,"106":1,"107":1,"108":1,"109":1,"110":1},"f":{"0":7,"1":10,"2":6,"3":1,"4":4,"5":1,"6":1,"7":2,"8":2,"9":2,"10":1,"11":1,"12":2,"13":2,"14":1,"15":0,"16":0,"17":0,"18":2,"19":5,"20":2,"21":1,"22":4,"23":1,"24":3,"25":6,"26":1,"27":2,"28":0,"29":0,"30":1,"31":1,"32":1},"b":{"0":[1],"1":[1],"2":[0],"3":[1,0],"4":[0,1],"5":[1,1],"6":[0],"7":[1],"8":[1],"9":[5,2],"10":[3],"11":[1],"12":[2],"13":[2,4],"14":[2],"15":[1],"16":[2,2],"17":[0],"18":[0],"19":[0]}}
,"D:\\Users\\Usama\\Documents\\GitHub\\Hospital-Finance-Dashboard\\src\\utils\\security.ts": {"path":"D:\\Users\\Usama\\Documents\\GitHub\\Hospital-Finance-Dashboard\\src\\utils\\security.ts","statementMap":{"0":{"start":{"line":10,"column":0},"end":{"line":10,"column":30}},"1":{"start":{"line":11,"column":0},"end":{"line":11,"column":24}},"2":{"start":{"line":16,"column":24},"end":{"line":20,"column":11}},"3":{"start":{"line":25,"column":26},"end":{"line":29,"column":11}},"4":{"start":{"line":43,"column":28},"end":{"line":57,"column":1}},"5":{"start":{"line":44,"column":2},"end":{"line":46,"column":3}},"6":{"start":{"line":45,"column":4},"end":{"line":45,"column":59}},"7":{"start":{"line":48,"column":2},"end":{"line":50,"column":3}},"8":{"start":{"line":49,"column":4},"end":{"line":49,"column":94}},"9":{"start":{"line":52,"column":2},"end":{"line":54,"column":3}},"10":{"start":{"line":53,"column":4},"end":{"line":53,"column":98}},"11":{"start":{"line":56,"column":2},"end":{"line":56,"column":59}},"12":{"start":{"line":43,"column":13},"end":{"line":43,"column":28}},"13":{"start":{"line":72,"column":30},"end":{"line":83,"column":1}},"14":{"start":{"line":73,"column":2},"end":{"line":75,"column":3}},"15":{"start":{"line":74,"column":4},"end":{"line":74,"column":17}},"16":{"start":{"line":77,"column":2},"end":{"line":82,"column":3}},"17":{"start":{"line":78,"column":4},"end":{"line":78,"column":42}},"18":{"start":{"line":80,"column":4},"end":{"line":80,"column":57}},"19":{"start":{"line":81,"column":4},"end":{"line":81,"column":17}},"20":{"start":{"line":72,"column":13},"end":{"line":72,"column":30}},"21":{"start":{"line":89,"column":10},"end":{"line":89,"column":null}},"22":{"start":{"line":100,"column":16},"end":{"line":100,"column":26}},"23":{"start":{"line":101,"column":19},"end":{"line":101,"column":41}},"24":{"start":{"line":104,"column":4},"end":{"line":106,"column":5}},"25":{"start":{"line":105,"column":6},"end":{"line":105,"column":19}},"26":{"start":{"line":109,"column":4},"end":{"line":112,"column":5}},"27":{"start":{"line":110,"column":6},"end":{"line":110,"column":70}},"28":{"start":{"line":111,"column":6},"end":{"line":111,"column":18}},"29":{"start":{"line":115,"column":4},"end":{"line":118,"column":5}},"30":{"start":{"line":116,"column":6},"end":{"line":116,"column":21}},"31":{"start":{"line":117,"column":6},"end":{"line":117,"column":18}},"32":{"start":{"line":121,"column":4},"end":{"line":124,"column":5}},"33":{"start":{"line":122,"column":6},"end":{"line":122,"column":61}},"34":{"start":{"line":123,"column":6},"end":{"line":123,"column":19}},"35":{"start":{"line":126,"column":4},"end":{"line":126,"column":16}},"36":{"start":{"line":135,"column":4},"end":{"line":135,"column":30}},"37":{"start":{"line":146,"column":19},"end":{"line":146,"column":41}},"38":{"start":{"line":147,"column":4},"end":{"line":147,"column":36}},"39":{"start":{"line":147,"column":17},"end":{"line":147,"column":36}},"40":{"start":{"line":149,"column":16},"end":{"line":149,"column":26}},"41":{"start":{"line":150,"column":4},"end":{"line":152,"column":5}},"42":{"start":{"line":151,"column":6},"end":{"line":151,"column":15}},"43":{"start":{"line":154,"column":4},"end":{"line":156,"column":5}},"44":{"start":{"line":155,"column":6},"end":{"line":155,"column":25}},"45":{"start":{"line":158,"column":4},"end":{"line":158,"column":51}},"46":{"start":{"line":168,"column":19},"end":{"line":168,"column":41}},"47":{"start":{"line":169,"column":4},"end":{"line":169,"column":26}},"48":{"start":{"line":169,"column":17},"end":{"line":169,"column":26}},"49":{"start":{"line":171,"column":16},"end":{"line":171,"column":26}},"50":{"start":{"line":172,"column":4},"end":{"line":174,"column":5}},"51":{"start":{"line":173,"column":6},"end":{"line":173,"column":38}},"52":{"start":{"line":176,"column":4},"end":{"line":178,"column":5}},"53":{"start":{"line":177,"column":6},"end":{"line":177,"column":15}},"54":{"start":{"line":180,"column":4},"end":{"line":180,"column":34}},"55":{"start":{"line":88,"column":0},"end":{"line":88,"column":13}},"56":{"start":{"line":187,"column":13},"end":{"line":187,"column":45}},"57":{"start":{"line":201,"column":30},"end":{"line":218,"column":1}},"58":{"start":{"line":202,"column":2},"end":{"line":204,"column":3}},"59":{"start":{"line":203,"column":4},"end":{"line":203,"column":14}},"60":{"start":{"line":206,"column":2},"end":{"line":217,"column":12}},"61":{"start":{"line":201,"column":13},"end":{"line":201,"column":30}},"62":{"start":{"line":226,"column":29},"end":{"line":233,"column":1}},"63":{"start":{"line":227,"column":2},"end":{"line":232,"column":4}},"64":{"start":{"line":226,"column":13},"end":{"line":226,"column":29}},"65":{"start":{"line":238,"column":13},"end":{"line":273,"column":2}},"66":{"start":{"line":292,"column":29},"end":{"line":308,"column":1}},"67":{"start":{"line":293,"column":2},"end":{"line":307,"column":3}},"68":{"start":{"line":294,"column":26},"end":{"line":294,"column":44}},"69":{"start":{"line":295,"column":4},"end":{"line":295,"column":50}},"70":{"start":{"line":297,"column":4},"end":{"line":302,"column":5}},"71":{"start":{"line":298,"column":6},"end":{"line":301,"column":8}},"72":{"start":{"line":300,"column":40},"end":{"line":300,"column":79}},"73":{"start":{"line":303,"column":4},"end":{"line":306,"column":6}},"74":{"start":{"line":292,"column":13},"end":{"line":292,"column":29}},"75":{"start":{"line":316,"column":35},"end":{"line":325,"column":1}},"76":{"start":{"line":317,"column":16},"end":{"line":317,"column":80}},"77":{"start":{"line":318,"column":15},"end":{"line":318,"column":17}},"78":{"start":{"line":320,"column":2},"end":{"line":322,"column":3}},"79":{"start":{"line":320,"column":15},"end":{"line":320,"column":16}},"80":{"start":{"line":321,"column":4},"end":{"line":321,"column":69}},"81":{"start":{"line":324,"column":2},"end":{"line":324,"column":16}},"82":{"start":{"line":316,"column":13},"end":{"line":316,"column":35}},"83":{"start":{"line":333,"column":38},"end":{"line":345,"column":1}},"84":{"start":{"line":334,"column":28},"end":{"line":342,"column":4}},"85":{"start":{"line":344,"column":2},"end":{"line":344,"column":64}},"86":{"start":{"line":344,"column":43},"end":{"line":344,"column":62}},"87":{"start":{"line":333,"column":13},"end":{"line":333,"column":38}},"88":{"start":{"line":353,"column":26},"end":{"line":364,"column":1}},"89":{"start":{"line":354,"column":46},"end":{"line":361,"column":4}},"90":{"start":{"line":363,"column":2},"end":{"line":363,"column":73}},"91":{"start":{"line":363,"column":46},"end":{"line":363,"column":71}},"92":{"start":{"line":353,"column":13},"end":{"line":353,"column":26}}},"fnMap":{"0":{"name":"(anonymous_1)","decl":{"start":{"line":43,"column":28},"end":{"line":43,"column":33}},"loc":{"start":{"line":43,"column":72},"end":{"line":57,"column":1}}},"1":{"name":"(anonymous_2)","decl":{"start":{"line":72,"column":30},"end":{"line":72,"column":35}},"loc":{"start":{"line":72,"column":89},"end":{"line":83,"column":1}}},"2":{"name":"(anonymous_3)","decl":{"start":{"line":88,"column":0},"end":{"line":88,"column":13}},"loc":{"start":{"line":88,"column":0},"end":{"line":182,"column":1}}},"3":{"name":"(anonymous_4)","decl":{"start":{"line":99,"column":2},"end":{"line":99,"column":11}},"loc":{"start":{"line":99,"column":123},"end":{"line":127,"column":3}}},"4":{"name":"(anonymous_5)","decl":{"start":{"line":134,"column":2},"end":{"line":134,"column":7}},"loc":{"start":{"line":134,"column":19},"end":{"line":136,"column":3}}},"5":{"name":"(anonymous_6)","decl":{"start":{"line":145,"column":2},"end":{"line":145,"column":22}},"loc":{"start":{"line":145,"column":87},"end":{"line":159,"column":3}}},"6":{"name":"(anonymous_7)","decl":{"start":{"line":167,"column":2},"end":{"line":167,"column":19}},"loc":{"start":{"line":167,"column":31},"end":{"line":181,"column":3}}},"7":{"name":"(anonymous_8)","decl":{"start":{"line":201,"column":30},"end":{"line":201,"column":31}},"loc":{"start":{"line":201,"column":56},"end":{"line":218,"column":1}}},"8":{"name":"(anonymous_9)","decl":{"start":{"line":226,"column":29},"end":{"line":226,"column":30}},"loc":{"start":{"line":226,"column":116},"end":{"line":233,"column":1}}},"9":{"name":"(anonymous_10)","decl":{"start":{"line":292,"column":29},"end":{"line":292,"column":33}},"loc":{"start":{"line":292,"column":141},"end":{"line":308,"column":1}}},"10":{"name":"(anonymous_11)","decl":{"start":{"line":300,"column":33},"end":{"line":300,"column":36}},"loc":{"start":{"line":300,"column":40},"end":{"line":300,"column":79}}},"11":{"name":"(anonymous_12)","decl":{"start":{"line":316,"column":35},"end":{"line":316,"column":36}},"loc":{"start":{"line":316,"column":67},"end":{"line":325,"column":1}}},"12":{"name":"(anonymous_13)","decl":{"start":{"line":333,"column":38},"end":{"line":333,"column":39}},"loc":{"start":{"line":333,"column":65},"end":{"line":345,"column":1}}},"13":{"name":"(anonymous_14)","decl":{"start":{"line":344,"column":32},"end":{"line":344,"column":39}},"loc":{"start":{"line":344,"column":43},"end":{"line":344,"column":62}}},"14":{"name":"(anonymous_15)","decl":{"start":{"line":353,"column":26},"end":{"line":353,"column":27}},"loc":{"start":{"line":353,"column":52},"end":{"line":364,"column":1}}},"15":{"name":"(anonymous_16)","decl":{"start":{"line":363,"column":36},"end":{"line":363,"column":37}},"loc":{"start":{"line":363,"column":46},"end":{"line":363,"column":71}}}},"branchMap":{"0":{"loc":{"start":{"line":44,"column":2},"end":{"line":46,"column":3}},"type":"if","locations":[{"start":{"line":44,"column":2},"end":{"line":46,"column":3}}]},"1":{"loc":{"start":{"line":44,"column":6},"end":{"line":44,"column":47}},"type":"binary-expr","locations":[{"start":{"line":44,"column":6},"end":{"line":44,"column":15}},{"start":{"line":44,"column":19},"end":{"line":44,"column":47}}]},"2":{"loc":{"start":{"line":48,"column":2},"end":{"line":50,"column":3}},"type":"if","locations":[{"start":{"line":48,"column":2},"end":{"line":50,"column":3}}]},"3":{"loc":{"start":{"line":52,"column":2},"end":{"line":54,"column":3}},"type":"if","locations":[{"start":{"line":52,"column":2},"end":{"line":54,"column":3}}]},"4":{"loc":{"start":{"line":73,"column":2},"end":{"line":75,"column":3}},"type":"if","locations":[{"start":{"line":73,"column":2},"end":{"line":75,"column":3}}]},"5":{"loc":{"start":{"line":73,"column":6},"end":{"line":73,"column":24}},"type":"binary-expr","locations":[{"start":{"line":73,"column":6},"end":{"line":73,"column":15}},{"start":{"line":73,"column":19},"end":{"line":73,"column":24}}]},"6":{"loc":{"start":{"line":99,"column":25},"end":{"line":99,"column":76}},"type":"default-arg","locations":[{"start":{"line":99,"column":47},"end":{"line":99,"column":76}}]},"7":{"loc":{"start":{"line":99,"column":78},"end":{"line":99,"column":123}},"type":"default-arg","locations":[{"start":{"line":99,"column":97},"end":{"line":99,"column":123}}]},"8":{"loc":{"start":{"line":104,"column":4},"end":{"line":106,"column":5}},"type":"if","locations":[{"start":{"line":104,"column":4},"end":{"line":106,"column":5}}]},"9":{"loc":{"start":{"line":104,"column":8},"end":{"line":104,"column":55}},"type":"binary-expr","locations":[{"start":{"line":104,"column":8},"end":{"line":104,"column":27}},{"start":{"line":104,"column":31},"end":{"line":104,"column":55}}]},"10":{"loc":{"start":{"line":109,"column":4},"end":{"line":112,"column":5}},"type":"if","locations":[{"start":{"line":109,"column":4},"end":{"line":112,"column":5}}]},"11":{"loc":{"start":{"line":109,"column":8},"end":{"line":109,"column":41}},"type":"binary-expr","locations":[{"start":{"line":109,"column":8},"end":{"line":109,"column":15}},{"start":{"line":109,"column":19},"end":{"line":109,"column":41}}]},"12":{"loc":{"start":{"line":115,"column":4},"end":{"line":118,"column":5}},"type":"if","locations":[{"start":{"line":115,"column":4},"end":{"line":118,"column":5}}]},"13":{"loc":{"start":{"line":121,"column":4},"end":{"line":124,"column":5}},"type":"if","locations":[{"start":{"line":121,"column":4},"end":{"line":124,"column":5}}]},"14":{"loc":{"start":{"line":145,"column":36},"end":{"line":145,"column":87}},"type":"default-arg","locations":[{"start":{"line":145,"column":58},"end":{"line":145,"column":87}}]},"15":{"loc":{"start":{"line":147,"column":4},"end":{"line":147,"column":36}},"type":"if","locations":[{"start":{"line":147,"column":4},"end":{"line":147,"column":36}}]},"16":{"loc":{"start":{"line":150,"column":4},"end":{"line":152,"column":5}},"type":"if","locations":[{"start":{"line":150,"column":4},"end":{"line":152,"column":5}}]},"17":{"loc":{"start":{"line":150,"column":8},"end":{"line":150,"column":54}},"type":"binary-expr","locations":[{"start":{"line":150,"column":8},"end":{"line":150,"column":26}},{"start":{"line":150,"column":30},"end":{"line":150,"column":54}}]},"18":{"loc":{"start":{"line":154,"column":4},"end":{"line":156,"column":5}},"type":"if","locations":[{"start":{"line":154,"column":4},"end":{"line":156,"column":5}}]},"19":{"loc":{"start":{"line":169,"column":4},"end":{"line":169,"column":26}},"type":"if","locations":[{"start":{"line":169,"column":4},"end":{"line":169,"column":26}}]},"20":{"loc":{"start":{"line":172,"column":4},"end":{"line":174,"column":5}},"type":"if","locations":[{"start":{"line":172,"column":4},"end":{"line":174,"column":5}}]},"21":{"loc":{"start":{"line":172,"column":8},"end":{"line":172,"column":54}},"type":"binary-expr","locations":[{"start":{"line":172,"column":8},"end":{"line":172,"column":26}},{"start":{"line":172,"column":30},"end":{"line":172,"column":54}}]},"22":{"loc":{"start":{"line":176,"column":4},"end":{"line":178,"column":5}},"type":"if","locations":[{"start":{"line":176,"column":4},"end":{"line":178,"column":5}}]},"23":{"loc":{"start":{"line":202,"column":2},"end":{"line":204,"column":3}},"type":"if","locations":[{"start":{"line":202,"column":2},"end":{"line":204,"column":3}}]},"24":{"loc":{"start":{"line":230,"column":11},"end":{"line":230,"column":64}},"type":"cond-expr","locations":[{"start":{"line":230,"column":25},"end":{"line":230,"column":52}},{"start":{"line":230,"column":55},"end":{"line":230,"column":64}}]},"25":{"loc":{"start":{"line":297,"column":4},"end":{"line":302,"column":5}},"type":"if","locations":[{"start":{"line":297,"column":4},"end":{"line":302,"column":5}}]},"26":{"loc":{"start":{"line":316,"column":36},"end":{"line":316,"column":55}},"type":"default-arg","locations":[{"start":{"line":316,"column":53},"end":{"line":316,"column":55}}]},"27":{"loc":{"start":{"line":363,"column":46},"end":{"line":363,"column":71}},"type":"binary-expr","locations":[{"start":{"line":363,"column":46},"end":{"line":363,"column":63}},{"start":{"line":363,"column":67},"end":{"line":363,"column":71}}]}},"s":{"0":1,"1":1,"2":1,"3":1,"4":1,"5":7,"6":2,"7":5,"8":1,"9":4,"10":1,"11":3,"12":1,"13":1,"14":2,"15":0,"16":2,"17":2,"18":0,"19":0,"20":1,"21":6,"22":29,"23":29,"24":29,"25":0,"26":29,"27":6,"28":6,"29":23,"30":20,"31":20,"32":3,"33":3,"34":3,"35":0,"36":1,"37":3,"38":3,"39":1,"40":2,"41":2,"42":0,"43":2,"44":0,"45":2,"46":0,"47":0,"48":0,"49":0,"50":0,"51":0,"52":0,"53":0,"54":0,"55":1,"56":1,"57":1,"58":13,"59":2,"60":11,"61":1,"62":1,"63":2,"64":1,"65":1,"66":1,"67":6,"68":6,"69":3,"70":3,"71":3,"72":12,"73":0,"74":1,"75":1,"76":3,"77":3,"78":3,"79":3,"80":64,"81":3,"82":1,"83":1,"84":6,"85":6,"86":26,"87":1,"88":1,"89":3,"90":3,"91":13,"92":1},"f":{"0":7,"1":2,"2":6,"3":29,"4":1,"5":3,"6":0,"7":13,"8":2,"9":6,"10":12,"11":3,"12":6,"13":26,"14":3,"15":13},"b":{"0":[2],"1":[7,5],"2":[1],"3":[1],"4":[0],"5":[2,2],"6":[18],"7":[23],"8":[0],"9":[29,0],"10":[6],"11":[29,23],"12":[20],"13":[3],"14":[0],"15":[1],"16":[0],"17":[2,0],"18":[0],"19":[0],"20":[0],"21":[0,0],"22":[0],"23":[2],"24":[1,1],"25":[3],"26":[0],"27":[13,0]}}
}
