TN:
SF:src\App.tsx
FN:9,App
FNF:1
FNH:0
FNDA:0,App
DA:1,0
DA:2,0
DA:3,0
DA:4,0
DA:5,0
DA:6,0
DA:7,0
DA:10,0
DA:27,0
LF:9
LH:0
BRF:0
BRH:0
end_of_record
TN:
SF:src\components\Button.tsx
FN:90,(anonymous_1)
FNF:1
FNH:0
FNDA:0,(anonymous_1)
DA:1,0
DA:90,0
DA:101,0
DA:104,0
DA:112,0
DA:119,0
DA:122,0
DA:124,0
DA:144,0
LF:9
LH:0
BRDA:91,0,0,0
BRDA:92,1,0,0
BRDA:93,2,0,0
BRDA:94,3,0,0
BRDA:95,4,0,0
BRDA:119,5,0,0
BRDA:119,5,1,0
BRDA:127,6,0,0
BRDA:127,6,1,0
BRDA:130,7,0,0
BRDA:130,7,1,0
BRF:11
BRH:0
end_of_record
TN:
SF:src\components\CashFlowChart.tsx
FN:18,(anonymous_1)
FN:32,(anonymous_2)
FN:45,(anonymous_3)
FN:74,(anonymous_4)
FNF:4
FNH:0
FNDA:0,(anonymous_1)
FNDA:0,(anonymous_2)
FNDA:0,(anonymous_3)
FNDA:0,(anonymous_4)
DA:1,0
DA:2,0
DA:4,0
DA:5,0
DA:18,0
DA:19,0
DA:32,0
DA:33,0
DA:34,0
DA:46,0
DA:53,0
DA:56,0
DA:74,0
DA:111,0
LF:14
LH:0
BRDA:33,0,0,0
BRDA:33,1,0,0
BRDA:33,1,1,0
BRDA:33,1,2,0
BRF:4
BRH:0
end_of_record
TN:
SF:src\components\ChartNoData.tsx
FN:9,(anonymous_1)
FNF:1
FNH:0
FNDA:0,(anonymous_1)
DA:1,0
DA:9,0
DA:10,0
DA:25,0
LF:4
LH:0
BRDA:13,0,0,0
BRDA:13,0,1,0
BRF:2
BRH:0
end_of_record
TN:
SF:src\components\Dashboard.tsx
FN:18,(anonymous_7)
FN:18,(anonymous_8)
FN:19,(anonymous_9)
FN:19,(anonymous_10)
FN:20,(anonymous_11)
FN:20,(anonymous_12)
FN:21,(anonymous_13)
FN:21,(anonymous_14)
FN:22,(anonymous_15)
FN:22,(anonymous_16)
FN:29,(anonymous_17)
FN:32,(anonymous_18)
FN:33,(anonymous_19)
FN:45,(anonymous_20)
FN:56,(anonymous_21)
FN:69,(anonymous_22)
FN:76,(anonymous_23)
FN:92,(anonymous_24)
FN:100,(anonymous_25)
FN:101,(anonymous_26)
FN:108,(anonymous_27)
FN:109,(anonymous_28)
FN:160,(anonymous_29)
FN:194,(anonymous_30)
FN:208,(anonymous_31)
FNF:25
FNH:0
FNDA:0,(anonymous_7)
FNDA:0,(anonymous_8)
FNDA:0,(anonymous_9)
FNDA:0,(anonymous_10)
FNDA:0,(anonymous_11)
FNDA:0,(anonymous_12)
FNDA:0,(anonymous_13)
FNDA:0,(anonymous_14)
FNDA:0,(anonymous_15)
FNDA:0,(anonymous_16)
FNDA:0,(anonymous_17)
FNDA:0,(anonymous_18)
FNDA:0,(anonymous_19)
FNDA:0,(anonymous_20)
FNDA:0,(anonymous_21)
FNDA:0,(anonymous_22)
FNDA:0,(anonymous_23)
FNDA:0,(anonymous_24)
FNDA:0,(anonymous_25)
FNDA:0,(anonymous_26)
FNDA:0,(anonymous_27)
FNDA:0,(anonymous_28)
FNDA:0,(anonymous_29)
FNDA:0,(anonymous_30)
FNDA:0,(anonymous_31)
DA:1,0
DA:2,0
DA:3,0
DA:4,0
DA:5,0
DA:11,0
DA:12,0
DA:13,0
DA:14,0
DA:15,0
DA:16,0
DA:18,0
DA:19,0
DA:20,0
DA:21,0
DA:22,0
DA:29,0
DA:30,0
DA:31,0
DA:32,0
DA:33,0
DA:36,0
DA:39,0
DA:40,0
DA:41,0
DA:42,0
DA:45,0
DA:48,0
DA:49,0
DA:50,0
DA:56,0
DA:57,0
DA:58,0
DA:59,0
DA:64,0
DA:65,0
DA:69,0
DA:70,0
DA:71,0
DA:76,0
DA:78,0
DA:79,0
DA:83,0
DA:85,0
DA:92,0
DA:93,0
DA:97,0
DA:100,0
DA:101,0
DA:108,0
DA:109,0
DA:115,0
DA:116,0
DA:130,0
DA:131,0
DA:145,0
DA:160,0
DA:194,0
DA:209,0
DA:250,0
LF:60
LH:0
BRDA:37,0,0,0
BRDA:37,0,1,0
BRDA:48,1,0,0
BRDA:48,2,0,0
BRDA:48,2,1,0
BRDA:58,3,0,0
BRDA:64,4,0,0
BRDA:64,4,1,0
BRDA:70,5,0,0
BRDA:78,6,0,0
BRDA:78,6,1,0
BRDA:115,7,0,0
BRDA:130,8,0,0
BRDA:168,9,0,0
BRDA:168,9,1,0
BRDA:171,10,0,0
BRDA:171,10,1,0
BRF:17
BRH:0
end_of_record
TN:
SF:src\components\DashboardLoading.tsx
FN:18,(anonymous_1)
FN:26,(anonymous_2)
FNF:2
FNH:0
FNDA:0,(anonymous_1)
FNDA:0,(anonymous_2)
DA:1,0
DA:2,0
DA:3,0
DA:18,0
DA:26,0
DA:28,0
DA:51,0
LF:7
LH:0
BRDA:43,0,0,0
BRDA:43,0,1,0
BRF:2
BRH:0
end_of_record
TN:
SF:src\components\DashboardNoData.tsx
FN:23,(anonymous_1)
FNF:1
FNH:0
FNDA:0,(anonymous_1)
DA:1,0
DA:2,0
DA:23,0
DA:31,0
DA:62,0
LF:5
LH:0
BRF:0
BRH:0
end_of_record
TN:
SF:src\components\DepartmentTable.tsx
FN:16,(anonymous_1)
FN:39,(anonymous_2)
FN:68,(anonymous_3)
FNF:3
FNH:0
FNDA:0,(anonymous_1)
FNDA:0,(anonymous_2)
FNDA:0,(anonymous_3)
DA:1,0
DA:3,0
DA:16,0
DA:17,0
DA:40,0
DA:69,0
DA:106,0
LF:7
LH:0
BRDA:40,0,0,0
BRDA:40,0,1,0
BRDA:51,1,0,0
BRDA:51,1,1,0
BRDA:56,2,0,0
BRDA:56,2,1,0
BRDA:56,3,0,0
BRDA:56,3,1,0
BRDA:88,4,0,0
BRDA:88,4,1,0
BRDA:94,5,0,0
BRDA:94,5,1,0
BRDA:94,6,0,0
BRDA:94,6,1,0
BRF:14
BRH:0
end_of_record
TN:
SF:src\components\Dropdown.tsx
FN:17,(anonymous_6)
FN:27,(anonymous_7)
FN:29,(anonymous_8)
FN:30,(anonymous_9)
FN:37,(anonymous_10)
FN:42,(anonymous_11)
FN:47,(anonymous_12)
FN:97,(anonymous_13)
FN:104,(anonymous_14)
FNF:9
FNH:0
FNDA:0,(anonymous_6)
FNDA:0,(anonymous_7)
FNDA:0,(anonymous_8)
FNDA:0,(anonymous_9)
FNDA:0,(anonymous_10)
FNDA:0,(anonymous_11)
FNDA:0,(anonymous_12)
FNDA:0,(anonymous_13)
FNDA:0,(anonymous_14)
DA:1,0
DA:17,0
DA:24,0
DA:25,0
DA:27,0
DA:29,0
DA:30,0
DA:31,0
DA:32,0
DA:36,0
DA:37,0
DA:38,0
DA:42,0
DA:43,0
DA:44,0
DA:47,0
DA:48,0
DA:51,0
DA:98,0
DA:104,0
DA:119,0
LF:21
LH:0
BRDA:22,0,0,0
BRDA:31,1,0,0
BRDA:31,2,0,0
BRDA:31,2,1,0
BRDA:65,3,0,0
BRDA:65,3,1,0
BRDA:68,4,0,0
BRDA:68,4,1,0
BRDA:79,5,0,0
BRDA:79,5,1,0
BRDA:93,6,0,0
BRDA:93,6,1,0
BRDA:102,7,0,0
BRDA:102,7,1,0
BRDA:108,8,0,0
BRDA:108,8,1,0
BRF:16
BRH:0
end_of_record
TN:
SF:src\components\ErrorBoundary.tsx
FN:21,(anonymous_1)
FN:26,(anonymous_2)
FN:31,(anonymous_3)
FN:46,(anonymous_4)
FN:72,(anonymous_5)
FN:79,(anonymous_6)
FNF:6
FNH:0
FNDA:0,(anonymous_1)
FNDA:0,(anonymous_2)
FNDA:0,(anonymous_3)
FNDA:0,(anonymous_4)
FNDA:0,(anonymous_5)
FNDA:0,(anonymous_6)
DA:1,0
DA:2,0
DA:3,0
DA:4,0
DA:22,0
DA:28,0
DA:32,0
DA:33,0
DA:40,0
DA:47,0
DA:48,0
DA:49,0
DA:52,0
DA:72,0
DA:79,0
DA:106,0
DA:110,0
LF:17
LH:0
BRDA:47,0,0,0
BRDA:48,1,0,0
BRDA:87,2,0,0
BRDA:87,2,1,0
BRDA:87,2,2,0
BRF:5
BRH:0
end_of_record
TN:
SF:src\components\ExpensePieChart.tsx
FN:19,(anonymous_1)
FN:42,(anonymous_2)
FN:79,(anonymous_3)
FN:107,(anonymous_4)
FN:113,(anonymous_5)
FN:132,(anonymous_6)
FN:148,(anonymous_7)
FNF:7
FNH:0
FNDA:0,(anonymous_1)
FNDA:0,(anonymous_2)
FNDA:0,(anonymous_3)
FNDA:0,(anonymous_4)
FNDA:0,(anonymous_5)
FNDA:0,(anonymous_6)
FNDA:0,(anonymous_7)
DA:1,0
DA:2,0
DA:4,0
DA:5,0
DA:6,0
DA:19,0
DA:20,0
DA:22,0
DA:23,0
DA:42,0
DA:43,0
DA:79,0
DA:80,0
DA:81,0
DA:82,0
DA:104,0
DA:107,0
DA:108,0
DA:110,0
DA:114,0
DA:127,0
DA:132,0
DA:149,0
DA:161,0
LF:24
LH:0
BRDA:22,0,0,0
BRDA:22,1,0,0
BRDA:22,1,1,0
BRDA:42,2,0,0
BRDA:80,3,0,0
BRDA:80,4,0,0
BRDA:80,4,1,0
BRDA:108,5,0,0
BRF:8
BRH:0
end_of_record
TN:
SF:src\components\Header.tsx
FN:16,(anonymous_7)
FN:28,(anonymous_8)
FN:36,(anonymous_9)
FN:40,(anonymous_10)
FN:46,(anonymous_11)
FN:51,(anonymous_12)
FN:100,(anonymous_13)
FN:128,(anonymous_14)
FN:154,(anonymous_15)
FN:181,(anonymous_16)
FN:201,(anonymous_17)
FN:218,(anonymous_18)
FN:249,(anonymous_19)
FN:260,(anonymous_20)
FNF:14
FNH:0
FNDA:0,(anonymous_7)
FNDA:0,(anonymous_8)
FNDA:0,(anonymous_9)
FNDA:0,(anonymous_10)
FNDA:0,(anonymous_11)
FNDA:0,(anonymous_12)
FNDA:0,(anonymous_13)
FNDA:0,(anonymous_14)
FNDA:0,(anonymous_15)
FNDA:0,(anonymous_16)
FNDA:0,(anonymous_17)
FNDA:0,(anonymous_18)
FNDA:0,(anonymous_19)
FNDA:0,(anonymous_20)
DA:1,0
DA:2,0
DA:3,0
DA:5,0
DA:16,0
DA:24,0
DA:25,0
DA:28,0
DA:29,0
DA:30,0
DA:32,0
DA:36,0
DA:37,0
DA:40,0
DA:46,0
DA:51,0
DA:53,0
DA:100,0
DA:128,0
DA:154,0
DA:181,0
DA:201,0
DA:218,0
DA:249,0
DA:260,0
DA:278,0
LF:26
LH:0
BRDA:29,0,0,0
BRDA:29,0,1,0
BRDA:68,1,0,0
BRDA:68,1,1,0
BRDA:159,2,0,0
BRDA:159,2,1,0
BRDA:175,3,0,0
BRDA:175,3,1,0
BRDA:188,4,0,0
BRDA:188,4,1,0
BRF:10
BRH:0
end_of_record
TN:
SF:src\components\LoadingSpinner.tsx
FN:68,(anonymous_1)
FNF:1
FNH:0
FNDA:0,(anonymous_1)
DA:1,0
DA:68,0
DA:75,0
DA:81,0
DA:83,0
DA:110,0
LF:6
LH:0
BRDA:69,0,0,0
BRDA:70,1,0,0
BRDA:72,2,0,0
BRDA:93,3,0,0
BRDA:93,3,1,0
BRDA:100,4,0,0
BRDA:100,4,1,0
BRF:7
BRH:0
end_of_record
TN:
SF:src\components\MetricCard.tsx
FN:50,(anonymous_1)
FN:58,(anonymous_2)
FNF:2
FNH:0
FNDA:0,(anonymous_1)
FNDA:0,(anonymous_2)
DA:1,0
DA:3,0
DA:50,0
DA:58,0
DA:59,0
DA:61,0
DA:63,0
DA:65,0
DA:67,0
DA:71,0
DA:118,0
LF:11
LH:0
BRDA:59,0,0,0
BRDA:59,0,1,0
BRDA:59,0,2,0
BRDA:59,0,3,0
BRDA:105,1,0,0
BRDA:105,1,1,0
BRF:6
BRH:0
end_of_record
TN:
SF:src\components\PatientMetricsCard.tsx
FN:16,(anonymous_1)
FN:69,(anonymous_2)
FNF:2
FNH:0
FNDA:0,(anonymous_1)
FNDA:0,(anonymous_2)
DA:1,0
DA:3,0
DA:16,0
DA:17,0
DA:56,0
DA:70,0
DA:98,0
LF:7
LH:0
BRF:0
BRH:0
end_of_record
TN:
SF:src\components\RevenueChart.tsx
FN:19,(anonymous_1)
FN:53,(anonymous_2)
FN:68,(anonymous_3)
FN:97,(anonymous_4)
FNF:4
FNH:0
FNDA:0,(anonymous_1)
FNDA:0,(anonymous_2)
FNDA:0,(anonymous_3)
FNDA:0,(anonymous_4)
DA:1,0
DA:2,0
DA:4,0
DA:5,0
DA:6,0
DA:19,0
DA:20,0
DA:22,0
DA:23,0
DA:53,0
DA:54,0
DA:55,0
DA:69,0
DA:76,0
DA:79,0
DA:97,0
DA:137,0
LF:17
LH:0
BRDA:22,0,0,0
BRDA:22,1,0,0
BRDA:22,1,1,0
BRDA:54,2,0,0
BRDA:54,3,0,0
BRDA:54,3,1,0
BRDA:54,3,2,0
BRF:7
BRH:0
end_of_record
TN:
SF:src\components\ThemeToggle.tsx
FN:17,(anonymous_1)
FN:30,(anonymous_2)
FNF:2
FNH:0
FNDA:0,(anonymous_1)
FNDA:0,(anonymous_2)
DA:1,0
DA:2,0
DA:17,0
DA:18,0
DA:20,0
DA:26,0
DA:28,0
DA:30,0
DA:78,0
LF:9
LH:0
BRDA:17,0,0,0
BRDA:17,1,0,0
BRDA:30,2,0,0
BRDA:30,2,1,0
BRDA:42,3,0,0
BRDA:42,3,1,0
BRDA:43,4,0,0
BRDA:43,4,1,0
BRDA:45,5,0,0
BRDA:45,5,1,0
BRF:10
BRH:0
end_of_record
TN:
SF:src\components\auth\AuthWrapper.tsx
FN:20,(anonymous_7)
FN:36,(anonymous_8)
FN:38,(anonymous_9)
FNF:3
FNH:0
FNDA:0,(anonymous_7)
FNDA:0,(anonymous_8)
FNDA:0,(anonymous_9)
DA:1,0
DA:2,0
DA:3,0
DA:4,0
DA:5,0
DA:20,0
DA:21,0
DA:22,0
DA:24,0
DA:25,0
DA:34,0
DA:35,0
DA:36,0
DA:38,0
DA:42,0
DA:45,0
LF:16
LH:0
BRDA:24,0,0,0
BRDA:34,1,0,0
BRDA:35,2,0,0
BRDA:35,2,1,0
BRF:4
BRH:0
end_of_record
TN:
SF:src\components\auth\SignInPage.tsx
FN:14,(anonymous_7)
FN:20,(anonymous_8)
FN:40,(anonymous_9)
FN:62,(anonymous_10)
FN:65,(anonymous_11)
FN:90,(anonymous_12)
FN:99,(anonymous_13)
FNF:7
FNH:0
FNDA:0,(anonymous_7)
FNDA:0,(anonymous_8)
FNDA:0,(anonymous_9)
FNDA:0,(anonymous_10)
FNDA:0,(anonymous_11)
FNDA:0,(anonymous_12)
FNDA:0,(anonymous_13)
DA:1,0
DA:2,0
DA:3,0
DA:4,0
DA:5,0
DA:6,0
DA:7,0
DA:8,0
DA:14,0
DA:15,0
DA:16,0
DA:17,0
DA:18,0
DA:20,0
DA:21,0
DA:22,0
DA:24,0
DA:25,0
DA:26,0
DA:27,0
DA:30,0
DA:31,0
DA:32,0
DA:33,0
DA:35,0
DA:36,0
DA:40,0
DA:41,0
DA:42,0
DA:45,0
DA:63,0
DA:65,0
DA:90,0
DA:99,0
DA:128,0
LF:35
LH:0
BRDA:25,0,0,0
BRDA:26,1,0,0
BRDA:26,1,1,0
BRDA:79,2,0,0
BRDA:79,2,1,0
BRF:5
BRH:0
end_of_record
TN:
SF:src\components\auth\SignUpPage.tsx
FN:14,(anonymous_7)
FN:27,(anonymous_8)
FN:73,(anonymous_9)
FN:74,(anonymous_10)
FN:77,(anonymous_11)
FN:79,(anonymous_12)
FN:84,(anonymous_13)
FN:86,(anonymous_14)
FN:116,(anonymous_15)
FN:126,(anonymous_16)
FN:136,(anonymous_17)
FN:146,(anonymous_18)
FN:155,(anonymous_19)
FN:163,(anonymous_20)
FN:190,(anonymous_21)
FN:195,(anonymous_22)
FN:216,(anonymous_23)
FN:222,(anonymous_24)
FNF:18
FNH:0
FNDA:0,(anonymous_7)
FNDA:0,(anonymous_8)
FNDA:0,(anonymous_9)
FNDA:0,(anonymous_10)
FNDA:0,(anonymous_11)
FNDA:0,(anonymous_12)
FNDA:0,(anonymous_13)
FNDA:0,(anonymous_14)
FNDA:0,(anonymous_15)
FNDA:0,(anonymous_16)
FNDA:0,(anonymous_17)
FNDA:0,(anonymous_18)
FNDA:0,(anonymous_19)
FNDA:0,(anonymous_20)
FNDA:0,(anonymous_21)
FNDA:0,(anonymous_22)
FNDA:0,(anonymous_23)
FNDA:0,(anonymous_24)
DA:1,0
DA:2,0
DA:4,0
DA:5,0
DA:6,0
DA:7,0
DA:8,0
DA:14,0
DA:15,0
DA:24,0
DA:25,0
DA:27,0
DA:28,0
DA:29,0
DA:31,0
DA:32,0
DA:33,0
DA:36,0
DA:37,0
DA:38,0
DA:41,0
DA:42,0
DA:43,0
DA:46,0
DA:47,0
DA:48,0
DA:51,0
DA:52,0
DA:59,0
DA:60,0
DA:63,0
DA:64,0
DA:67,0
DA:69,0
DA:73,0
DA:74,0
DA:77,0
DA:78,0
DA:79,0
DA:84,0
DA:86,0
DA:91,0
DA:116,0
DA:126,0
DA:136,0
DA:146,0
DA:156,0
DA:163,0
DA:190,0
DA:196,0
DA:217,0
DA:222,0
DA:262,0
LF:53
LH:0
BRDA:31,0,0,0
BRDA:36,1,0,0
BRDA:41,2,0,0
BRDA:41,3,0,0
BRDA:41,3,1,0
BRDA:46,4,0,0
BRDA:46,5,0,0
BRDA:46,5,1,0
BRDA:59,6,0,0
BRDA:59,7,0,0
BRDA:59,7,1,0
BRDA:63,8,0,0
BRDA:63,9,0,0
BRDA:63,9,1,0
BRDA:69,10,0,0
BRDA:69,10,1,0
BRDA:78,11,0,0
BRDA:78,11,1,0
BRDA:104,12,0,0
BRDA:104,12,1,0
BRDA:170,13,0,0
BRDA:170,13,1,0
BRDA:181,14,0,0
BRDA:181,14,1,0
BRDA:210,15,0,0
BRDA:210,15,1,0
BRF:26
BRH:0
end_of_record
TN:
SF:src\components\optimized\OptimizedRevenueChart.tsx
FN:40,(anonymous_7)
FN:60,(anonymous_8)
FN:74,(anonymous_9)
FN:118,(anonymous_10)
FN:126,(anonymous_11)
FN:129,(anonymous_12)
FN:130,(anonymous_13)
FN:141,(anonymous_14)
FN:152,(anonymous_15)
FN:157,(anonymous_16)
FNF:10
FNH:0
FNDA:0,(anonymous_7)
FNDA:0,(anonymous_8)
FNDA:0,(anonymous_9)
FNDA:0,(anonymous_10)
FNDA:0,(anonymous_11)
FNDA:0,(anonymous_12)
FNDA:0,(anonymous_13)
FNDA:0,(anonymous_14)
FNDA:0,(anonymous_15)
FNDA:0,(anonymous_16)
DA:11,0
DA:12,0
DA:14,0
DA:15,0
DA:16,0
DA:17,0
DA:40,0
DA:41,0
DA:43,0
DA:44,0
DA:47,0
DA:61,0
DA:69,0
DA:74,0
DA:75,0
DA:106,0
DA:118,0
DA:123,0
DA:126,0
DA:127,0
DA:129,0
DA:130,0
DA:141,0
DA:152,0
DA:157,0
DA:158,0
DA:159,0
DA:164,0
DA:165,0
DA:180,0
DA:181,0
DA:199,0
DA:238,0
DA:240,0
LF:34
LH:0
BRDA:43,0,0,0
BRDA:43,1,0,0
BRDA:43,1,1,0
BRDA:43,1,2,0
BRDA:120,2,0,0
BRDA:127,3,0,0
BRDA:127,4,0,0
BRDA:127,4,1,0
BRDA:158,5,0,0
BRDA:158,6,0,0
BRDA:158,6,1,0
BRDA:158,6,2,0
BRDA:164,7,0,0
BRDA:180,8,0,0
BRDA:180,9,0,0
BRDA:180,9,1,0
BRF:16
BRH:0
end_of_record
TN:
SF:src\components\ui\Card.tsx
FN:8,(anonymous_1)
FNF:1
FNH:0
FNDA:0,(anonymous_1)
DA:1,0
DA:8,0
DA:9,0
DA:16,0
LF:4
LH:0
BRDA:8,0,0,0
BRF:1
BRH:0
end_of_record
TN:
SF:src\components\ui\Input.tsx
FN:7,(anonymous_6)
FN:31,(anonymous_7)
FNF:2
FNH:0
FNDA:0,(anonymous_6)
FNDA:0,(anonymous_7)
DA:1,0
DA:7,0
DA:8,0
DA:10,0
DA:11,0
DA:13,0
DA:31,0
DA:51,0
LF:8
LH:0
BRDA:11,0,0,0
BRDA:11,0,1,0
BRDA:11,1,0,0
BRDA:11,1,1,0
BRDA:20,2,0,0
BRDA:20,2,1,0
BRDA:28,3,0,0
BRDA:28,3,1,0
BRDA:33,4,0,0
BRDA:33,4,1,0
BRDA:35,5,0,0
BRDA:35,5,1,0
BRF:12
BRH:0
end_of_record
TN:
SF:src\config\demo.ts
FNF:0
FNH:0
DA:3,0
LF:1
LH:0
BRDA:6,0,0,0
BRDA:6,0,1,0
BRDA:7,1,0,0
BRDA:7,1,1,0
BRDA:11,2,0,0
BRDA:11,2,1,0
BRDA:12,3,0,0
BRDA:12,3,1,0
BRDA:16,4,0,0
BRDA:16,4,1,0
BRDA:17,5,0,0
BRDA:17,5,1,0
BRF:12
BRH:0
end_of_record
TN:
SF:src\contexts\AuthContext.tsx
FN:18,(anonymous_6)
FN:23,(anonymous_7)
FN:50,(anonymous_8)
FN:73,(anonymous_9)
FN:94,(anonymous_10)
FN:105,(anonymous_11)
FN:124,(anonymous_12)
FN:129,(anonymous_13)
FNF:8
FNH:0
FNDA:0,(anonymous_6)
FNDA:0,(anonymous_7)
FNDA:0,(anonymous_8)
FNDA:0,(anonymous_9)
FNDA:0,(anonymous_10)
FNDA:0,(anonymous_11)
FNDA:0,(anonymous_12)
FNDA:0,(anonymous_13)
DA:1,0
DA:3,0
DA:4,0
DA:5,0
DA:7,0
DA:18,0
DA:19,0
DA:20,0
DA:23,0
DA:24,0
DA:25,0
DA:26,0
DA:27,0
DA:29,0
DA:30,0
DA:32,0
DA:33,0
DA:36,0
DA:37,0
DA:40,0
DA:50,0
DA:51,0
DA:52,0
DA:53,0
DA:54,0
DA:55,0
DA:57,0
DA:58,0
DA:60,0
DA:61,0
DA:63,0
DA:73,0
DA:74,0
DA:75,0
DA:76,0
DA:77,0
DA:78,0
DA:80,0
DA:81,0
DA:83,0
DA:84,0
DA:86,0
DA:94,0
DA:95,0
DA:96,0
DA:97,0
DA:105,0
DA:106,0
DA:108,0
DA:110,0
DA:112,0
DA:114,0
DA:116,0
DA:124,0
DA:125,0
DA:127,0
DA:129,0
DA:131,0
DA:133,0
DA:135,0
DA:139,0
DA:150,0
LF:62
LH:0
BRDA:25,0,0,0
BRDA:29,1,0,0
BRDA:29,1,1,0
BRDA:29,2,0,0
BRDA:29,2,1,0
BRDA:29,2,2,0
BRDA:29,2,3,0
BRDA:54,3,0,0
BRDA:54,4,0,0
BRDA:54,4,1,0
BRDA:54,4,2,0
BRDA:77,5,0,0
BRDA:77,6,0,0
BRDA:77,6,1,0
BRDA:77,6,2,0
BRDA:106,7,0,0
BRDA:108,8,0,0
BRDA:108,8,1,0
BRDA:108,8,2,0
BRDA:108,8,3,0
BRDA:112,9,0,0
BRDA:112,9,1,0
BRDA:125,10,0,0
BRDA:127,11,0,0
BRDA:127,11,1,0
BRDA:127,11,2,0
BRDA:127,11,3,0
BRDA:131,12,0,0
BRDA:131,12,1,0
BRDA:133,13,0,0
BRDA:133,13,1,0
BRF:31
BRH:0
end_of_record
TN:
SF:src\contexts\ThemeContext.tsx
FN:10,(anonymous_6)
FN:15,(anonymous_7)
FN:20,(anonymous_8)
FN:33,(anonymous_9)
FN:39,(anonymous_10)
FN:47,(anonymous_11)
FN:58,(anonymous_12)
FN:60,(anonymous_13)
FN:71,(anonymous_14)
FN:74,(anonymous_15)
FN:83,(anonymous_16)
FNF:11
FNH:0
FNDA:0,(anonymous_6)
FNDA:0,(anonymous_7)
FNDA:0,(anonymous_8)
FNDA:0,(anonymous_9)
FNDA:0,(anonymous_10)
FNDA:0,(anonymous_11)
FNDA:0,(anonymous_12)
FNDA:0,(anonymous_13)
FNDA:0,(anonymous_14)
FNDA:0,(anonymous_15)
FNDA:0,(anonymous_16)
DA:1,0
DA:4,0
DA:10,0
DA:11,0
DA:12,0
DA:15,0
DA:16,0
DA:20,0
DA:21,0
DA:24,0
DA:26,0
DA:27,0
DA:29,0
DA:33,0
DA:34,0
DA:39,0
DA:40,0
DA:41,0
DA:43,0
DA:47,0
DA:48,0
DA:49,0
DA:50,0
DA:52,0
DA:53,0
DA:54,0
DA:58,0
DA:59,0
DA:60,0
DA:61,0
DA:64,0
DA:65,0
DA:66,0
DA:70,0
DA:71,0
DA:74,0
DA:75,0
DA:77,0
DA:78,0
DA:79,0
DA:80,0
DA:83,0
DA:84,0
DA:86,0
DA:87,0
DA:90,0
DA:91,0
DA:95,0
DA:102,0
LF:49
LH:0
BRDA:16,0,0,0
BRDA:16,0,1,0
BRDA:26,1,0,0
BRDA:26,1,1,0
BRDA:40,2,0,0
BRDA:49,3,0,0
BRDA:49,3,1,0
BRDA:61,4,0,0
BRDA:61,4,1,0
BRDA:64,5,0,0
BRDA:84,6,0,0
BRDA:84,6,1,0
BRDA:86,7,0,0
BRDA:86,7,1,0
BRDA:90,8,0,0
BRDA:90,8,1,0
BRF:16
BRH:0
end_of_record
TN:
SF:src\data\mockData.ts
FN:213,(anonymous_0)
FN:221,(anonymous_1)
FN:222,(anonymous_2)
FN:290,(anonymous_3)
FN:303,(anonymous_4)
FN:316,(anonymous_5)
FN:329,(anonymous_6)
FN:342,(anonymous_7)
FN:364,(anonymous_8)
FN:454,(anonymous_9)
FN:455,(anonymous_10)
FNF:11
FNH:0
FNDA:0,(anonymous_0)
FNDA:0,(anonymous_1)
FNDA:0,(anonymous_2)
FNDA:0,(anonymous_3)
FNDA:0,(anonymous_4)
FNDA:0,(anonymous_5)
FNDA:0,(anonymous_6)
FNDA:0,(anonymous_7)
FNDA:0,(anonymous_8)
FNDA:0,(anonymous_9)
FNDA:0,(anonymous_10)
DA:12,0
DA:51,0
DA:66,0
DA:104,0
DA:113,0
DA:122,0
DA:167,0
DA:194,0
DA:213,0
DA:214,0
DA:215,0
DA:219,0
DA:221,0
DA:222,0
DA:223,0
DA:224,0
DA:228,0
DA:230,0
DA:291,0
DA:292,0
DA:293,0
DA:295,0
DA:304,0
DA:305,0
DA:306,0
DA:308,0
DA:317,0
DA:318,0
DA:319,0
DA:321,0
DA:330,0
DA:331,0
DA:332,0
DA:334,0
DA:343,0
DA:344,0
DA:345,0
DA:347,0
DA:365,0
DA:366,0
DA:367,0
DA:368,0
DA:369,0
DA:370,0
DA:372,0
DA:374,0
DA:429,0
DA:454,0
DA:455,0
LF:49
LH:0
BRDA:213,0,0,0
BRDA:223,1,0,0
BRDA:223,1,1,0
BRDA:223,2,0,0
BRDA:223,2,1,0
BRDA:223,3,0,0
BRDA:223,3,1,0
BRDA:224,4,0,0
BRDA:224,4,1,0
BRDA:225,5,0,0
BRDA:225,5,1,0
BRDA:226,6,0,0
BRDA:226,6,1,0
BRDA:244,7,0,0
BRDA:244,7,1,0
BRDA:253,8,0,0
BRDA:253,8,1,0
BRDA:262,9,0,0
BRDA:262,9,1,0
BRDA:271,10,0,0
BRDA:271,10,1,0
BRDA:335,11,0,0
BRDA:335,11,1,0
BRDA:348,12,0,0
BRDA:348,12,1,0
BRDA:455,13,0,0
BRDA:455,13,1,0
BRF:27
BRH:0
end_of_record
TN:
SF:src\data\mockUsers.ts
FN:72,(anonymous_0)
FN:74,(anonymous_1)
FN:82,(anonymous_2)
FN:128,(anonymous_3)
FN:137,(anonymous_4)
FN:140,(anonymous_5)
FNF:6
FNH:0
FNDA:0,(anonymous_0)
FNDA:0,(anonymous_1)
FNDA:0,(anonymous_2)
FNDA:0,(anonymous_3)
FNDA:0,(anonymous_4)
FNDA:0,(anonymous_5)
DA:2,0
DA:5,0
DA:71,0
DA:74,0
DA:77,0
DA:78,0
DA:79,0
DA:82,0
DA:83,0
DA:84,0
DA:88,0
DA:89,0
DA:90,0
DA:91,0
DA:92,0
DA:93,0
DA:96,0
DA:97,0
DA:103,0
DA:110,0
DA:112,0
DA:113,0
DA:114,0
DA:116,0
DA:120,0
DA:121,0
DA:124,0
DA:125,0
DA:137,0
DA:140,0
DA:141,0
DA:142,0
DA:146,0
DA:158,0
DA:160,0
DA:165,0
LF:36
LH:0
BRDA:78,0,0,0
BRDA:83,1,0,0
BRDA:89,2,0,0
BRDA:89,2,1,0
BRDA:90,3,0,0
BRDA:92,4,0,0
BRDA:92,4,1,0
BRDA:92,5,0,0
BRDA:92,5,1,0
BRDA:110,6,0,0
BRDA:113,7,0,0
BRDA:141,8,0,0
BRDA:153,9,0,0
BRDA:153,9,1,0
BRDA:154,10,0,0
BRDA:154,10,1,0
BRF:16
BRH:0
end_of_record
TN:
SF:src\hooks\useAuth.ts
FN:42,(anonymous_0)
FNF:1
FNH:0
FNDA:0,(anonymous_0)
DA:1,0
DA:2,0
DA:42,0
DA:43,0
DA:44,0
DA:45,0
DA:47,0
LF:7
LH:0
BRDA:44,0,0,0
BRF:1
BRH:0
end_of_record
TN:
SF:src\hooks\useChartTheme.ts
FN:69,(anonymous_1)
FNF:1
FNH:0
FNDA:0,(anonymous_1)
DA:1,0
DA:2,0
DA:3,0
DA:6,0
DA:69,0
DA:70,0
DA:74,0
DA:78,0
DA:88,0
DA:115,0
LF:10
LH:0
BRDA:79,0,0,0
BRDA:79,0,1,0
BRDA:80,1,0,0
BRDA:80,1,1,0
BRDA:81,2,0,0
BRDA:81,2,1,0
BRDA:82,3,0,0
BRDA:82,3,1,0
BRDA:83,4,0,0
BRDA:83,4,1,0
BRDA:84,5,0,0
BRDA:84,5,1,0
BRDA:93,6,0,0
BRDA:93,6,1,0
BRDA:98,7,0,0
BRDA:98,7,1,0
BRDA:103,8,0,0
BRDA:103,8,1,0
BRDA:104,9,0,0
BRDA:104,9,1,0
BRDA:105,10,0,0
BRDA:105,10,1,0
BRDA:106,11,0,0
BRDA:106,11,1,0
BRDA:111,12,0,0
BRDA:111,12,1,0
BRF:26
BRH:0
end_of_record
TN:
SF:src\hooks\useResponsive.ts
FN:124,(anonymous_0)
FN:137,(anonymous_1)
FN:142,(anonymous_2)
FN:166,(anonymous_3)
FNF:4
FNH:0
FNDA:0,(anonymous_0)
FNDA:0,(anonymous_1)
FNDA:0,(anonymous_2)
FNDA:0,(anonymous_3)
DA:1,0
DA:124,0
DA:126,0
DA:137,0
DA:142,0
DA:143,0
DA:144,0
DA:147,0
DA:160,0
DA:163,0
DA:166,0
DA:169,0
DA:172,0
LF:13
LH:0
BRF:0
BRH:0
end_of_record
TN:
SF:src\hooks\useTheme.ts
FN:65,(anonymous_0)
FNF:1
FNH:0
FNDA:0,(anonymous_0)
DA:1,0
DA:2,0
DA:65,0
DA:66,0
DA:69,0
DA:70,0
DA:73,0
LF:7
LH:0
BRDA:69,0,0,0
BRF:1
BRH:0
end_of_record
TN:
SF:src\services\authService.ts
FN:60,(anonymous_0)
FN:74,(anonymous_1)
FN:77,(anonymous_2)
FN:114,(anonymous_3)
FN:129,(anonymous_4)
FN:132,(anonymous_5)
FN:176,(anonymous_6)
FN:184,(anonymous_7)
FN:213,(anonymous_8)
FN:221,(anonymous_9)
FNF:10
FNH:0
FNDA:0,(anonymous_0)
FNDA:0,(anonymous_1)
FNDA:0,(anonymous_2)
FNDA:0,(anonymous_3)
FNDA:0,(anonymous_4)
FNDA:0,(anonymous_5)
FNDA:0,(anonymous_6)
FNDA:0,(anonymous_7)
FNDA:0,(anonymous_8)
FNDA:0,(anonymous_9)
DA:9,0
DA:10,0
DA:16,0
DA:51,0
DA:62,0
DA:63,0
DA:64,0
DA:68,0
DA:69,0
DA:70,0
DA:74,0
DA:77,0
DA:78,0
DA:79,0
DA:80,0
DA:84,0
DA:85,0
DA:86,0
DA:87,0
DA:91,0
DA:94,0
DA:97,0
DA:99,0
DA:104,0
DA:123,0
DA:124,0
DA:125,0
DA:129,0
DA:132,0
DA:133,0
DA:134,0
DA:138,0
DA:141,0
DA:154,0
DA:157,0
DA:159,0
DA:164,0
DA:178,0
DA:179,0
DA:180,0
DA:184,0
DA:185,0
DA:186,0
DA:190,0
DA:191,0
DA:192,0
DA:196,0
DA:197,0
DA:199,0
DA:215,0
DA:216,0
DA:217,0
DA:221,0
DA:222,0
DA:223,0
DA:227,0
DA:228,0
DA:230,0
DA:240,0
LF:59
LH:0
BRDA:63,0,0,0
BRDA:68,1,0,0
BRDA:78,2,0,0
BRDA:85,3,0,0
BRDA:124,4,0,0
BRDA:133,5,0,0
BRDA:149,6,0,0
BRDA:149,6,1,0
BRDA:150,7,0,0
BRDA:150,7,1,0
BRDA:179,8,0,0
BRDA:185,9,0,0
BRDA:191,10,0,0
BRDA:216,11,0,0
BRDA:222,12,0,0
BRF:15
BRH:0
end_of_record
TN:
SF:src\test\mocks.ts
FN:56,(anonymous_0)
FN:59,(anonymous_1)
FN:62,(anonymous_2)
FN:69,(anonymous_3)
FN:75,(anonymous_4)
FN:78,(anonymous_5)
FN:81,(anonymous_6)
FN:84,(anonymous_7)
FN:140,(anonymous_8)
FN:141,(anonymous_9)
FNF:10
FNH:0
FNDA:0,(anonymous_0)
FNDA:0,(anonymous_1)
FNDA:0,(anonymous_2)
FNDA:0,(anonymous_3)
FNDA:0,(anonymous_4)
FNDA:0,(anonymous_5)
FNDA:0,(anonymous_6)
FNDA:0,(anonymous_7)
FNDA:0,(anonymous_8)
FNDA:0,(anonymous_9)
DA:54,0
DA:69,0
DA:70,0
DA:71,0
DA:72,0
DA:84,0
DA:99,0
DA:125,0
DA:140,0
DA:141,0
LF:10
LH:0
BRF:0
BRH:0
end_of_record
TN:
SF:src\types\errors.ts
FN:64,(anonymous_0)
FNF:1
FNH:0
FNDA:0,(anonymous_0)
DA:64,0
DA:65,0
DA:66,0
DA:67,0
DA:68,0
LF:5
LH:0
BRDA:64,0,0,0
BRDA:64,0,1,0
BRF:2
BRH:0
end_of_record
TN:
SF:src\utils\auth.ts
FN:23,(anonymous_0)
FN:75,(anonymous_1)
FNF:2
FNH:2
FNDA:14,(anonymous_0)
FNDA:6,(anonymous_1)
DA:4,1
DA:23,1
DA:24,14
DA:27,14
DA:28,1
DA:35,13
DA:36,2
DA:38,13
DA:39,1
DA:43,13
DA:44,4
DA:46,13
DA:47,3
DA:49,13
DA:50,3
DA:52,13
DA:53,4
DA:57,13
DA:58,2
DA:60,13
DA:61,7
DA:64,13
DA:75,1
DA:76,6
DA:78,3
DA:79,1
DA:81,2
DA:82,1
DA:84,1
DA:86,3
LF:30
LH:30
BRDA:27,0,0,1
BRDA:35,1,0,2
BRDA:38,2,0,1
BRDA:43,3,0,4
BRDA:43,4,0,13
BRDA:43,4,1,13
BRDA:46,5,0,3
BRDA:46,6,0,13
BRDA:46,6,1,13
BRDA:49,7,0,3
BRDA:49,8,0,13
BRDA:49,8,1,13
BRDA:52,9,0,4
BRDA:52,10,0,13
BRDA:52,10,1,13
BRDA:57,11,0,2
BRDA:60,12,0,7
BRDA:76,13,0,3
BRDA:78,14,0,1
BRDA:81,15,0,1
BRF:20
BRH:20
end_of_record
TN:
SF:src\utils\errorHandler.ts
FN:22,generateCorrelationId
FN:29,getErrorContext
FN:42,(anonymous_2)
FN:59,(anonymous_3)
FN:80,(anonymous_4)
FN:105,(anonymous_5)
FN:130,(anonymous_6)
FN:176,(anonymous_7)
FN:217,(anonymous_8)
FN:224,determineErrorSeverity
FN:257,(anonymous_10)
FN:259,(anonymous_11)
FN:269,(anonymous_12)
FN:320,(anonymous_13)
FN:333,(anonymous_14)
FN:360,(anonymous_15)
FN:388,(anonymous_16)
FN:416,(anonymous_17)
FN:430,(anonymous_18)
FN:437,(anonymous_19)
FN:444,(anonymous_20)
FNF:21
FNH:0
FNDA:0,generateCorrelationId
FNDA:0,getErrorContext
FNDA:0,(anonymous_2)
FNDA:0,(anonymous_3)
FNDA:0,(anonymous_4)
FNDA:0,(anonymous_5)
FNDA:0,(anonymous_6)
FNDA:0,(anonymous_7)
FNDA:0,(anonymous_8)
FNDA:0,determineErrorSeverity
FNDA:0,(anonymous_10)
FNDA:0,(anonymous_11)
FNDA:0,(anonymous_12)
FNDA:0,(anonymous_13)
FNDA:0,(anonymous_14)
FNDA:0,(anonymous_15)
FNDA:0,(anonymous_16)
FNDA:0,(anonymous_17)
FNDA:0,(anonymous_18)
FNDA:0,(anonymous_19)
FNDA:0,(anonymous_20)
DA:5,0
DA:17,0
DA:23,0
DA:30,0
DA:41,0
DA:47,0
DA:53,0
DA:54,0
DA:56,0
DA:65,0
DA:71,0
DA:72,0
DA:74,0
DA:75,0
DA:77,0
DA:87,0
DA:93,0
DA:94,0
DA:96,0
DA:97,0
DA:99,0
DA:100,0
DA:102,0
DA:112,0
DA:118,0
DA:119,0
DA:121,0
DA:122,0
DA:124,0
DA:125,0
DA:127,0
DA:137,0
DA:143,0
DA:144,0
DA:146,0
DA:147,0
DA:149,0
DA:150,0
DA:152,0
DA:159,0
DA:176,0
DA:217,0
DA:225,0
DA:227,0
DA:230,0
DA:233,0
DA:236,0
DA:239,0
DA:242,0
DA:245,0
DA:252,0
DA:254,0
DA:255,0
DA:260,0
DA:261,0
DA:263,0
DA:273,0
DA:274,0
DA:280,0
DA:281,0
DA:283,0
DA:291,0
DA:292,0
DA:293,0
DA:294,0
DA:300,0
DA:309,0
DA:312,0
DA:314,0
DA:321,0
DA:334,0
DA:335,0
DA:343,0
DA:345,0
DA:346,0
DA:348,0
DA:349,0
DA:352,0
DA:353,0
DA:362,0
DA:363,0
DA:364,0
DA:368,0
DA:369,0
DA:372,0
DA:376,0
DA:377,0
DA:378,0
DA:379,0
DA:380,0
DA:381,0
DA:389,0
DA:391,0
DA:392,0
DA:393,0
DA:395,0
DA:398,0
DA:399,0
DA:401,0
DA:402,0
DA:407,0
DA:408,0
DA:410,0
DA:413,0
DA:415,0
DA:416,0
DA:419,0
DA:424,0
DA:431,0
DA:438,0
DA:445,0
DA:450,0
LF:112
LH:0
BRDA:34,0,0,0
BRDA:34,0,1,0
BRDA:53,1,0,0
BRDA:71,2,0,0
BRDA:74,3,0,0
BRDA:93,4,0,0
BRDA:96,5,0,0
BRDA:99,6,0,0
BRDA:118,7,0,0
BRDA:121,8,0,0
BRDA:124,9,0,0
BRDA:143,10,0,0
BRDA:146,11,0,0
BRDA:149,12,0,0
BRDA:225,13,0,0
BRDA:225,13,1,0
BRDA:225,13,2,0
BRDA:225,13,3,0
BRDA:225,13,4,0
BRDA:225,13,5,0
BRDA:225,13,6,0
BRDA:227,14,0,0
BRDA:227,14,1,0
BRDA:236,15,0,0
BRDA:236,15,1,0
BRDA:239,16,0,0
BRDA:239,16,1,0
BRDA:242,17,0,0
BRDA:242,17,1,0
BRDA:260,18,0,0
BRDA:273,19,0,0
BRDA:273,19,1,0
BRDA:280,20,0,0
BRDA:280,20,1,0
BRDA:294,21,0,0
BRDA:294,21,1,0
BRDA:322,22,0,0
BRDA:322,22,1,0
BRDA:322,22,2,0
BRDA:322,22,3,0
BRDA:322,22,4,0
BRDA:343,23,0,0
BRDA:343,23,1,0
BRDA:343,23,2,0
BRDA:343,23,3,0
BRDA:363,24,0,0
BRDA:368,25,0,0
BRDA:376,26,0,0
BRDA:391,27,0,0
BRDA:392,28,0,0
BRDA:398,29,0,0
BRDA:398,29,1,0
BRDA:399,30,0,0
BRDA:399,30,1,0
BRDA:401,31,0,0
BRDA:407,32,0,0
BRDA:415,33,0,0
BRDA:438,34,0,0
BRDA:438,34,1,0
BRDA:445,35,0,0
BRDA:445,35,1,0
BRF:61
BRH:0
end_of_record
TN:
SF:src\utils\formatters.ts
FN:6,(anonymous_0)
FN:20,(anonymous_1)
FN:29,(anonymous_2)
FN:38,(anonymous_3)
FN:53,(anonymous_4)
FN:62,(anonymous_5)
FNF:6
FNH:6
FNDA:12,(anonymous_0)
FNDA:6,(anonymous_1)
FNDA:6,(anonymous_2)
FNDA:11,(anonymous_3)
FNDA:2,(anonymous_4)
FNDA:2,(anonymous_5)
DA:6,1
DA:7,12
DA:20,1
DA:21,6
DA:29,1
DA:30,6
DA:38,1
DA:39,11
DA:40,3
DA:42,8
DA:43,3
DA:45,5
DA:53,1
DA:54,2
DA:62,1
DA:63,2
LF:16
LH:16
BRDA:39,0,0,3
BRDA:42,1,0,3
BRDA:54,2,0,1
BRDA:54,2,1,1
BRDA:63,3,0,1
BRDA:63,3,1,1
BRF:6
BRH:6
end_of_record
TN:
SF:src\utils\logger.ts
FN:62,(anonymous_0)
FN:75,(anonymous_1)
FN:89,(anonymous_2)
FN:124,(anonymous_3)
FN:151,(anonymous_4)
FN:171,(anonymous_5)
FN:192,(anonymous_6)
FNF:7
FNH:4
FNDA:1,(anonymous_0)
FNDA:0,(anonymous_1)
FNDA:7,(anonymous_2)
FNDA:0,(anonymous_3)
FNDA:5,(anonymous_4)
FNDA:2,(anonymous_5)
FNDA:0,(anonymous_6)
DA:64,1
DA:76,0
DA:77,0
DA:78,0
DA:91,7
DA:93,0
DA:95,0
DA:98,0
DA:99,0
DA:102,0
DA:103,0
DA:106,0
DA:107,0
DA:110,0
DA:112,0
DA:127,0
DA:152,5
DA:172,2
DA:193,0
DA:213,1
LF:20
LH:5
BRDA:77,0,0,0
BRDA:77,0,1,0
BRDA:91,1,0,7
BRDA:91,2,0,7
BRDA:91,2,1,7
BRDA:95,3,0,0
BRDA:95,3,1,0
BRDA:95,3,2,0
BRDA:98,4,0,0
BRDA:98,5,0,0
BRDA:98,5,1,0
BRDA:102,6,0,0
BRDA:102,7,0,0
BRDA:102,7,1,0
BRDA:106,8,0,0
BRDA:106,8,1,0
BRDA:107,9,0,0
BRDA:107,9,1,0
BRF:18
BRH:3
end_of_record
TN:
SF:src\utils\performance.ts
FN:24,(anonymous_1)
FN:35,(anonymous_2)
FN:57,(anonymous_3)
FN:97,(anonymous_4)
FN:106,(anonymous_5)
FN:113,(anonymous_6)
FN:122,(anonymous_7)
FN:128,(anonymous_8)
FN:139,(anonymous_9)
FN:140,(anonymous_10)
FN:142,(anonymous_11)
FN:146,(anonymous_12)
FN:182,measurePerformance
FN:186,(anonymous_14)
FN:192,(anonymous_15)
FN:216,useRenderPerformance
FN:219,(anonymous_17)
FN:222,(anonymous_18)
FN:243,debounce
FN:250,(anonymous_20)
FN:251,(anonymous_21)
FN:279,throttle
FN:285,(anonymous_23)
FN:289,(anonymous_24)
FN:312,memoize
FN:318,(anonymous_26)
FN:340,(anonymous_27)
FN:371,(anonymous_28)
FN:391,(anonymous_29)
FN:392,(anonymous_30)
FN:419,(anonymous_31)
FN:431,(anonymous_32)
FN:444,(anonymous_33)
FNF:33
FNH:28
FNDA:7,(anonymous_1)
FNDA:10,(anonymous_2)
FNDA:6,(anonymous_3)
FNDA:1,(anonymous_4)
FNDA:4,(anonymous_5)
FNDA:1,(anonymous_6)
FNDA:1,(anonymous_7)
FNDA:2,(anonymous_8)
FNDA:2,(anonymous_9)
FNDA:2,(anonymous_10)
FNDA:1,(anonymous_11)
FNDA:1,(anonymous_12)
FNDA:2,measurePerformance
FNDA:2,(anonymous_14)
FNDA:1,(anonymous_15)
FNDA:0,useRenderPerformance
FNDA:0,(anonymous_17)
FNDA:0,(anonymous_18)
FNDA:2,debounce
FNDA:5,(anonymous_20)
FNDA:2,(anonymous_21)
FNDA:1,throttle
FNDA:4,(anonymous_23)
FNDA:1,(anonymous_24)
FNDA:3,memoize
FNDA:6,(anonymous_26)
FNDA:1,(anonymous_27)
FNDA:2,(anonymous_28)
FNDA:0,(anonymous_29)
FNDA:0,(anonymous_30)
FNDA:1,(anonymous_31)
FNDA:1,(anonymous_32)
FNDA:1,(anonymous_33)
DA:8,1
DA:24,1
DA:25,7
DA:26,7
DA:36,10
DA:37,1
DA:41,1
DA:44,9
DA:58,6
DA:59,6
DA:60,1
DA:64,1
DA:67,5
DA:68,5
DA:70,5
DA:76,5
DA:79,5
DA:88,5
DA:98,1
DA:107,4
DA:114,1
DA:128,2
DA:130,1
DA:131,0
DA:139,2
DA:140,2
DA:142,1
DA:143,1
DA:146,1
DA:147,1
DA:150,1
DA:162,1
DA:182,1
DA:186,2
DA:187,2
DA:188,2
DA:191,2
DA:192,1
DA:193,1
DA:196,1
DA:197,1
DA:216,1
DA:217,0
DA:219,0
DA:220,0
DA:222,0
DA:223,0
DA:243,1
DA:248,2
DA:250,2
DA:251,5
DA:252,2
DA:253,2
DA:256,5
DA:258,5
DA:259,5
DA:261,5
DA:279,1
DA:285,1
DA:286,4
DA:287,2
DA:288,2
DA:289,2
DA:312,1
DA:316,3
DA:318,3
DA:319,6
DA:321,6
DA:322,2
DA:325,4
DA:326,4
DA:327,4
DA:334,1
DA:345,1
DA:349,1
DA:350,1
DA:351,1
DA:352,1
DA:354,1
DA:365,1
DA:376,2
DA:377,1
DA:380,1
DA:381,1
DA:382,1
DA:383,1
DA:385,1
DA:392,0
DA:393,0
DA:395,0
DA:396,0
DA:412,1
DA:422,1
DA:432,1
DA:433,1
DA:434,1
DA:435,1
DA:436,1
DA:445,1
DA:446,1
DA:447,1
DA:448,1
DA:453,1
LF:103
LH:93
BRDA:36,0,0,1
BRDA:59,1,0,1
BRDA:130,2,0,0
BRDA:143,3,0,1
BRDA:143,3,1,0
BRDA:147,4,0,0
BRDA:147,4,1,1
BRDA:191,5,0,1
BRDA:191,5,1,1
BRDA:217,6,0,0
BRDA:246,7,0,1
BRDA:253,8,0,1
BRDA:256,9,0,5
BRDA:256,9,1,2
BRDA:258,10,0,3
BRDA:261,11,0,1
BRDA:286,12,0,2
BRDA:319,13,0,2
BRDA:319,13,1,4
BRDA:321,14,0,2
BRDA:376,15,0,1
BRDA:376,16,0,2
BRDA:376,16,1,2
BRDA:391,17,0,0
BRDA:395,18,0,0
BRDA:431,19,0,0
BRF:26
BRH:19
end_of_record
TN:
SF:src\utils\security.ts
FN:43,(anonymous_1)
FN:72,(anonymous_2)
FN:88,(anonymous_3)
FN:99,(anonymous_4)
FN:134,(anonymous_5)
FN:145,(anonymous_6)
FN:167,(anonymous_7)
FN:201,(anonymous_8)
FN:226,(anonymous_9)
FN:292,(anonymous_10)
FN:300,(anonymous_11)
FN:316,(anonymous_12)
FN:333,(anonymous_13)
FN:344,(anonymous_14)
FN:353,(anonymous_15)
FN:363,(anonymous_16)
FNF:16
FNH:15
FNDA:7,(anonymous_1)
FNDA:2,(anonymous_2)
FNDA:6,(anonymous_3)
FNDA:29,(anonymous_4)
FNDA:1,(anonymous_5)
FNDA:3,(anonymous_6)
FNDA:0,(anonymous_7)
FNDA:13,(anonymous_8)
FNDA:2,(anonymous_9)
FNDA:6,(anonymous_10)
FNDA:12,(anonymous_11)
FNDA:3,(anonymous_12)
FNDA:6,(anonymous_13)
FNDA:26,(anonymous_14)
FNDA:3,(anonymous_15)
FNDA:13,(anonymous_16)
DA:10,1
DA:11,1
DA:16,1
DA:25,1
DA:43,1
DA:44,7
DA:45,2
DA:48,5
DA:49,1
DA:52,4
DA:53,1
DA:56,3
DA:72,1
DA:73,2
DA:74,0
DA:77,2
DA:78,2
DA:80,0
DA:81,0
DA:88,1
DA:89,6
DA:100,29
DA:101,29
DA:104,29
DA:105,0
DA:109,29
DA:110,6
DA:111,6
DA:115,23
DA:116,20
DA:117,20
DA:121,3
DA:122,3
DA:123,3
DA:126,0
DA:135,1
DA:146,3
DA:147,3
DA:149,2
DA:150,2
DA:151,0
DA:154,2
DA:155,0
DA:158,2
DA:168,0
DA:169,0
DA:171,0
DA:172,0
DA:173,0
DA:176,0
DA:177,0
DA:180,0
DA:187,1
DA:201,1
DA:202,13
DA:203,2
DA:206,11
DA:226,1
DA:227,2
DA:238,1
DA:292,1
DA:293,6
DA:294,6
DA:295,3
DA:297,3
DA:298,3
DA:300,12
DA:303,0
DA:316,1
DA:317,3
DA:318,3
DA:320,3
DA:321,64
DA:324,3
DA:333,1
DA:334,6
DA:344,26
DA:353,1
DA:354,3
DA:363,13
LF:80
LH:64
BRDA:44,0,0,2
BRDA:44,1,0,7
BRDA:44,1,1,5
BRDA:48,2,0,1
BRDA:52,3,0,1
BRDA:73,4,0,0
BRDA:73,5,0,2
BRDA:73,5,1,2
BRDA:99,6,0,18
BRDA:99,7,0,23
BRDA:104,8,0,0
BRDA:104,9,0,29
BRDA:104,9,1,0
BRDA:109,10,0,6
BRDA:109,11,0,29
BRDA:109,11,1,23
BRDA:115,12,0,20
BRDA:121,13,0,3
BRDA:145,14,0,0
BRDA:147,15,0,1
BRDA:150,16,0,0
BRDA:150,17,0,2
BRDA:150,17,1,0
BRDA:154,18,0,0
BRDA:169,19,0,0
BRDA:172,20,0,0
BRDA:172,21,0,0
BRDA:172,21,1,0
BRDA:176,22,0,0
BRDA:202,23,0,2
BRDA:230,24,0,1
BRDA:230,24,1,1
BRDA:297,25,0,3
BRDA:316,26,0,0
BRDA:363,27,0,13
BRDA:363,27,1,0
BRF:36
BRH:22
end_of_record
